	.text
	.syntax unified
	.eabi_attribute	67, "2.09"	@ Tag_conformance
	.cpu	cortex-m23
	.eabi_attribute	6, 16	@ Tag_CPU_arch
	.eabi_attribute	7, 77	@ Tag_CPU_arch_profile
	.eabi_attribute	8, 0	@ Tag_ARM_ISA_use
	.eabi_attribute	9, 3	@ Tag_THUMB_ISA_use
	.eabi_attribute	34, 0	@ Tag_CPU_unaligned_access
	.eabi_attribute	17, 1	@ Tag_ABI_PCS_GOT_use
	.eabi_attribute	20, 2	@ Tag_ABI_FP_denormal
	.eabi_attribute	21, 0	@ Tag_ABI_FP_exceptions
	.eabi_attribute	23, 1	@ Tag_ABI_FP_number_model
	.eabi_attribute	24, 1	@ Tag_ABI_align_needed
	.eabi_attribute	25, 1	@ Tag_ABI_align_preserved
	.eabi_attribute	38, 1	@ Tag_ABI_FP_16bit_format
	.eabi_attribute	18, 2	@ Tag_ABI_PCS_wchar_t
	.eabi_attribute	26, 1	@ Tag_ABI_enum_size
	.eabi_attribute	14, 0	@ Tag_ABI_PCS_R9_use
	.file	"gd32e23x_exti.c"
	.file	1 "C:\\Users\\13728\\Desktop\\general igniter\\Project" "../Basic/Include\\gd32e23x_exti.h"
	.file	2 "C:\\Users\\13728\\Desktop\\general igniter\\Project" "../CMSIS/Include\\gd32e23x.h"
	.file	3 "D:\\ProgramFile\\Keil5\\ARM\\ARMCLANG\\Bin\\..\\include" "stdint.h"
	.section	.text.exti_deinit,"ax",%progbits
	.hidden	exti_deinit             @ -- Begin function exti_deinit
	.globl	exti_deinit
	.p2align	2
	.type	exti_deinit,%function
	.code	16                      @ @exti_deinit
	.thumb_func
exti_deinit:
.Lfunc_begin0:
	.file	4 "C:\\Users\\13728\\Desktop\\general igniter\\Project" "../Basic/Source/gd32e23x_exti.c"
	.loc	4 46 0                  @ ../Basic/Source/gd32e23x_exti.c:46:0
	.fnstart
	.cfi_sections .debug_frame
	.cfi_startproc
@ %bb.0:
	ldr	r0, __arm_cp.0_0
	ldr	r1, __arm_cp.0_1
.Ltmp0:
	.loc	4 48 16 prologue_end    @ ../Basic/Source/gd32e23x_exti.c:48:16
	str	r1, [r0]
	movs	r1, #0
	.loc	4 49 16                 @ ../Basic/Source/gd32e23x_exti.c:49:16
	str	r1, [r0, #4]
	.loc	4 50 16                 @ ../Basic/Source/gd32e23x_exti.c:50:16
	str	r1, [r0, #8]
	.loc	4 51 16                 @ ../Basic/Source/gd32e23x_exti.c:51:16
	str	r1, [r0, #12]
	.loc	4 52 16                 @ ../Basic/Source/gd32e23x_exti.c:52:16
	str	r1, [r0, #16]
	.loc	4 53 1                  @ ../Basic/Source/gd32e23x_exti.c:53:1
	bx	lr
.Ltmp1:
	.p2align	2
@ %bb.1:
	.loc	4 0 1 is_stmt 0         @ ../Basic/Source/gd32e23x_exti.c:0:1
__arm_cp.0_0:
	.long	1073808384              @ 0x40010400
.Lcpi_end0:
	.size	__arm_cp.0_0, .Lcpi_end0-__arm_cp.0_0
__arm_cp.0_1:
	.long	261357568               @ 0xf940000
.Lcpi_end1:
	.size	__arm_cp.0_1, .Lcpi_end1-__arm_cp.0_1
.Lfunc_end0:
	.size	exti_deinit, .Lfunc_end0-exti_deinit
	.cfi_endproc
	.cantunwind
	.fnend
                                        @ -- End function
	.section	.text.exti_init,"ax",%progbits
	.hidden	exti_init               @ -- Begin function exti_init
	.globl	exti_init
	.p2align	2
	.type	exti_init,%function
	.code	16                      @ @exti_init
	.thumb_func
exti_init:
.Lfunc_begin1:
	.loc	4 75 0 is_stmt 1        @ ../Basic/Source/gd32e23x_exti.c:75:0
	.fnstart
	.cfi_startproc
@ %bb.0:
	@DEBUG_VALUE: exti_init:linex <- $r0
	@DEBUG_VALUE: exti_init:linex <- $r0
	@DEBUG_VALUE: exti_init:mode <- $r1
	@DEBUG_VALUE: exti_init:mode <- $r1
	@DEBUG_VALUE: exti_init:trig_type <- $r2
	@DEBUG_VALUE: exti_init:trig_type <- $r2
	.save	{r4, lr}
	push	{r4, lr}
	.cfi_def_cfa_offset 8
	.cfi_offset lr, -4
	.cfi_offset r4, -8
	ldr	r3, __arm_cp.1_0
.Ltmp2:
	.loc	4 77 16 prologue_end    @ ../Basic/Source/gd32e23x_exti.c:77:16
	ldr	r4, [r3]
	bics	r4, r0
	str	r4, [r3]
	.loc	4 78 15                 @ ../Basic/Source/gd32e23x_exti.c:78:15
	ldr	r4, [r3, #4]
	bics	r4, r0
	str	r4, [r3, #4]
	.loc	4 79 15                 @ ../Basic/Source/gd32e23x_exti.c:79:15
	ldr	r4, [r3, #8]
	bics	r4, r0
	str	r4, [r3, #8]
	.loc	4 80 15                 @ ../Basic/Source/gd32e23x_exti.c:80:15
	ldr	r4, [r3, #12]
	bics	r4, r0
	str	r4, [r3, #12]
	.loc	4 83 5                  @ ../Basic/Source/gd32e23x_exti.c:83:5
	cmp	r1, #1
	beq	.LBB1_3
.Ltmp3:
@ %bb.1:
	@DEBUG_VALUE: exti_init:trig_type <- $r2
	@DEBUG_VALUE: exti_init:mode <- $r1
	@DEBUG_VALUE: exti_init:linex <- $r0
	cbnz	r1, .LBB1_4
.Ltmp4:
@ %bb.2:
	@DEBUG_VALUE: exti_init:trig_type <- $r2
	@DEBUG_VALUE: exti_init:mode <- $r1
	@DEBUG_VALUE: exti_init:linex <- $r0
	.loc	4 85 20                 @ ../Basic/Source/gd32e23x_exti.c:85:20
	ldr	r1, [r3]
.Ltmp5:
	orrs	r1, r0
	str	r1, [r3]
	b	.LBB1_4
.Ltmp6:
.LBB1_3:
	@DEBUG_VALUE: exti_init:trig_type <- $r2
	@DEBUG_VALUE: exti_init:mode <- $r1
	@DEBUG_VALUE: exti_init:linex <- $r0
	.loc	4 88 19                 @ ../Basic/Source/gd32e23x_exti.c:88:19
	ldr	r1, [r3, #4]
.Ltmp7:
	orrs	r1, r0
	str	r1, [r3, #4]
.Ltmp8:
.LBB1_4:
	@DEBUG_VALUE: exti_init:trig_type <- $r2
	@DEBUG_VALUE: exti_init:linex <- $r0
	@DEBUG_VALUE: exti_init:trig_type <- $r2
	.loc	4 95 5                  @ ../Basic/Source/gd32e23x_exti.c:95:5
	cmp	r2, #2
	beq	.LBB1_8
.Ltmp9:
@ %bb.5:
	@DEBUG_VALUE: exti_init:trig_type <- $r2
	@DEBUG_VALUE: exti_init:linex <- $r0
	.loc	4 0 5 is_stmt 0         @ ../Basic/Source/gd32e23x_exti.c:0:5
	mvns	r1, r0
	@DEBUG_VALUE: exti_init:trig_type <- $r2
	.loc	4 95 5                  @ ../Basic/Source/gd32e23x_exti.c:95:5
	cmp	r2, #1
	beq	.LBB1_9
.Ltmp10:
@ %bb.6:
	@DEBUG_VALUE: exti_init:trig_type <- $r2
	@DEBUG_VALUE: exti_init:linex <- $r0
	cbnz	r2, .LBB1_12
.Ltmp11:
@ %bb.7:
	@DEBUG_VALUE: exti_init:trig_type <- $r2
	@DEBUG_VALUE: exti_init:linex <- $r0
	.loc	4 97 19 is_stmt 1       @ ../Basic/Source/gd32e23x_exti.c:97:19
	ldr	r2, [r3, #8]
.Ltmp12:
	orrs	r2, r0
	str	r2, [r3, #8]
	.loc	4 98 19                 @ ../Basic/Source/gd32e23x_exti.c:98:19
	ldr	r2, [r3, #12]
	ands	r2, r1
	b	.LBB1_11
.Ltmp13:
.LBB1_8:
	@DEBUG_VALUE: exti_init:trig_type <- $r2
	@DEBUG_VALUE: exti_init:linex <- $r0
	.loc	4 105 19                @ ../Basic/Source/gd32e23x_exti.c:105:19
	ldr	r1, [r3, #8]
	orrs	r1, r0
	str	r1, [r3, #8]
	b	.LBB1_10
.Ltmp14:
.LBB1_9:
	@DEBUG_VALUE: exti_init:trig_type <- $r2
	@DEBUG_VALUE: exti_init:linex <- $r0
	.loc	4 101 19                @ ../Basic/Source/gd32e23x_exti.c:101:19
	ldr	r2, [r3, #8]
.Ltmp15:
	ands	r2, r1
	str	r2, [r3, #8]
.Ltmp16:
.LBB1_10:
	@DEBUG_VALUE: exti_init:linex <- $r0
	.loc	4 0 0 is_stmt 0         @ ../Basic/Source/gd32e23x_exti.c:0:0
	ldr	r2, [r3, #12]
	orrs	r2, r0
.Ltmp17:
.LBB1_11:
	@DEBUG_VALUE: exti_init:linex <- $r0
	str	r2, [r3, #12]
.Ltmp18:
.LBB1_12:
	@DEBUG_VALUE: exti_init:linex <- $r0
	.loc	4 111 1 is_stmt 1       @ ../Basic/Source/gd32e23x_exti.c:111:1
	pop	{r4, pc}
.Ltmp19:
	.p2align	2
@ %bb.13:
	.loc	4 0 1 is_stmt 0         @ ../Basic/Source/gd32e23x_exti.c:0:1
__arm_cp.1_0:
	.long	1073808384              @ 0x40010400
.Lcpi_end2:
	.size	__arm_cp.1_0, .Lcpi_end2-__arm_cp.1_0
.Lfunc_end1:
	.size	exti_init, .Lfunc_end1-exti_init
	.cfi_endproc
	.cantunwind
	.fnend
                                        @ -- End function
	.section	.text.exti_interrupt_enable,"ax",%progbits
	.hidden	exti_interrupt_enable   @ -- Begin function exti_interrupt_enable
	.globl	exti_interrupt_enable
	.p2align	2
	.type	exti_interrupt_enable,%function
	.code	16                      @ @exti_interrupt_enable
	.thumb_func
exti_interrupt_enable:
.Lfunc_begin2:
	.loc	4 122 0 is_stmt 1       @ ../Basic/Source/gd32e23x_exti.c:122:0
	.fnstart
	.cfi_startproc
@ %bb.0:
	@DEBUG_VALUE: exti_interrupt_enable:linex <- $r0
	@DEBUG_VALUE: exti_interrupt_enable:linex <- $r0
	ldr	r1, __arm_cp.2_0
.Ltmp20:
	.loc	4 123 16 prologue_end   @ ../Basic/Source/gd32e23x_exti.c:123:16
	ldr	r2, [r1]
	orrs	r2, r0
	str	r2, [r1]
	.loc	4 124 1                 @ ../Basic/Source/gd32e23x_exti.c:124:1
	bx	lr
.Ltmp21:
	.p2align	2
@ %bb.1:
	.loc	4 0 1 is_stmt 0         @ ../Basic/Source/gd32e23x_exti.c:0:1
__arm_cp.2_0:
	.long	1073808384              @ 0x40010400
.Lcpi_end3:
	.size	__arm_cp.2_0, .Lcpi_end3-__arm_cp.2_0
.Lfunc_end2:
	.size	exti_interrupt_enable, .Lfunc_end2-exti_interrupt_enable
	.cfi_endproc
	.cantunwind
	.fnend
                                        @ -- End function
	.section	.text.exti_event_enable,"ax",%progbits
	.hidden	exti_event_enable       @ -- Begin function exti_event_enable
	.globl	exti_event_enable
	.p2align	2
	.type	exti_event_enable,%function
	.code	16                      @ @exti_event_enable
	.thumb_func
exti_event_enable:
.Lfunc_begin3:
	.loc	4 135 0 is_stmt 1       @ ../Basic/Source/gd32e23x_exti.c:135:0
	.fnstart
	.cfi_startproc
@ %bb.0:
	@DEBUG_VALUE: exti_event_enable:linex <- $r0
	@DEBUG_VALUE: exti_event_enable:linex <- $r0
	ldr	r1, __arm_cp.3_0
.Ltmp22:
	.loc	4 136 15 prologue_end   @ ../Basic/Source/gd32e23x_exti.c:136:15
	ldr	r2, [r1]
	orrs	r2, r0
	str	r2, [r1]
	.loc	4 137 1                 @ ../Basic/Source/gd32e23x_exti.c:137:1
	bx	lr
.Ltmp23:
	.p2align	2
@ %bb.1:
	.loc	4 0 1 is_stmt 0         @ ../Basic/Source/gd32e23x_exti.c:0:1
__arm_cp.3_0:
	.long	1073808388              @ 0x40010404
.Lcpi_end4:
	.size	__arm_cp.3_0, .Lcpi_end4-__arm_cp.3_0
.Lfunc_end3:
	.size	exti_event_enable, .Lfunc_end3-exti_event_enable
	.cfi_endproc
	.cantunwind
	.fnend
                                        @ -- End function
	.section	.text.exti_interrupt_disable,"ax",%progbits
	.hidden	exti_interrupt_disable  @ -- Begin function exti_interrupt_disable
	.globl	exti_interrupt_disable
	.p2align	2
	.type	exti_interrupt_disable,%function
	.code	16                      @ @exti_interrupt_disable
	.thumb_func
exti_interrupt_disable:
.Lfunc_begin4:
	.loc	4 148 0 is_stmt 1       @ ../Basic/Source/gd32e23x_exti.c:148:0
	.fnstart
	.cfi_startproc
@ %bb.0:
	@DEBUG_VALUE: exti_interrupt_disable:linex <- $r0
	@DEBUG_VALUE: exti_interrupt_disable:linex <- $r0
	ldr	r1, __arm_cp.4_0
.Ltmp24:
	.loc	4 149 16 prologue_end   @ ../Basic/Source/gd32e23x_exti.c:149:16
	ldr	r2, [r1]
	bics	r2, r0
	str	r2, [r1]
	.loc	4 150 1                 @ ../Basic/Source/gd32e23x_exti.c:150:1
	bx	lr
.Ltmp25:
	.p2align	2
@ %bb.1:
	.loc	4 0 1 is_stmt 0         @ ../Basic/Source/gd32e23x_exti.c:0:1
__arm_cp.4_0:
	.long	1073808384              @ 0x40010400
.Lcpi_end5:
	.size	__arm_cp.4_0, .Lcpi_end5-__arm_cp.4_0
.Lfunc_end4:
	.size	exti_interrupt_disable, .Lfunc_end4-exti_interrupt_disable
	.cfi_endproc
	.cantunwind
	.fnend
                                        @ -- End function
	.section	.text.exti_event_disable,"ax",%progbits
	.hidden	exti_event_disable      @ -- Begin function exti_event_disable
	.globl	exti_event_disable
	.p2align	2
	.type	exti_event_disable,%function
	.code	16                      @ @exti_event_disable
	.thumb_func
exti_event_disable:
.Lfunc_begin5:
	.loc	4 161 0 is_stmt 1       @ ../Basic/Source/gd32e23x_exti.c:161:0
	.fnstart
	.cfi_startproc
@ %bb.0:
	@DEBUG_VALUE: exti_event_disable:linex <- $r0
	@DEBUG_VALUE: exti_event_disable:linex <- $r0
	ldr	r1, __arm_cp.5_0
.Ltmp26:
	.loc	4 162 15 prologue_end   @ ../Basic/Source/gd32e23x_exti.c:162:15
	ldr	r2, [r1]
	bics	r2, r0
	str	r2, [r1]
	.loc	4 163 1                 @ ../Basic/Source/gd32e23x_exti.c:163:1
	bx	lr
.Ltmp27:
	.p2align	2
@ %bb.1:
	.loc	4 0 1 is_stmt 0         @ ../Basic/Source/gd32e23x_exti.c:0:1
__arm_cp.5_0:
	.long	1073808388              @ 0x40010404
.Lcpi_end6:
	.size	__arm_cp.5_0, .Lcpi_end6-__arm_cp.5_0
.Lfunc_end5:
	.size	exti_event_disable, .Lfunc_end5-exti_event_disable
	.cfi_endproc
	.cantunwind
	.fnend
                                        @ -- End function
	.section	.text.exti_flag_get,"ax",%progbits
	.hidden	exti_flag_get           @ -- Begin function exti_flag_get
	.globl	exti_flag_get
	.p2align	2
	.type	exti_flag_get,%function
	.code	16                      @ @exti_flag_get
	.thumb_func
exti_flag_get:
.Lfunc_begin6:
	.loc	4 174 0 is_stmt 1       @ ../Basic/Source/gd32e23x_exti.c:174:0
	.fnstart
	.cfi_startproc
@ %bb.0:
	@DEBUG_VALUE: exti_flag_get:linex <- $r0
	@DEBUG_VALUE: exti_flag_get:linex <- $r0
	ldr	r1, __arm_cp.6_0
.Ltmp28:
	.loc	4 175 18 prologue_end   @ ../Basic/Source/gd32e23x_exti.c:175:18
	ldr	r1, [r1]
	.loc	4 175 26 is_stmt 0      @ ../Basic/Source/gd32e23x_exti.c:175:26
	ands	r1, r0
	.loc	4 175 14                @ ../Basic/Source/gd32e23x_exti.c:175:14
	subs	r0, r1, #1
.Ltmp29:
	sbcs	r1, r0
.Ltmp30:
	.loc	4 180 1 is_stmt 1       @ ../Basic/Source/gd32e23x_exti.c:180:1
	mov	r0, r1
	bx	lr
.Ltmp31:
	.p2align	2
@ %bb.1:
	.loc	4 0 1 is_stmt 0         @ ../Basic/Source/gd32e23x_exti.c:0:1
__arm_cp.6_0:
	.long	1073808404              @ 0x40010414
.Lcpi_end7:
	.size	__arm_cp.6_0, .Lcpi_end7-__arm_cp.6_0
.Lfunc_end6:
	.size	exti_flag_get, .Lfunc_end6-exti_flag_get
	.cfi_endproc
	.cantunwind
	.fnend
                                        @ -- End function
	.section	.text.exti_flag_clear,"ax",%progbits
	.hidden	exti_flag_clear         @ -- Begin function exti_flag_clear
	.globl	exti_flag_clear
	.p2align	2
	.type	exti_flag_clear,%function
	.code	16                      @ @exti_flag_clear
	.thumb_func
exti_flag_clear:
.Lfunc_begin7:
	.loc	4 191 0 is_stmt 1       @ ../Basic/Source/gd32e23x_exti.c:191:0
	.fnstart
	.cfi_startproc
@ %bb.0:
	@DEBUG_VALUE: exti_flag_clear:linex <- $r0
	@DEBUG_VALUE: exti_flag_clear:linex <- $r0
	ldr	r1, __arm_cp.7_0
.Ltmp32:
	.loc	4 192 13 prologue_end   @ ../Basic/Source/gd32e23x_exti.c:192:13
	str	r0, [r1]
	.loc	4 193 1                 @ ../Basic/Source/gd32e23x_exti.c:193:1
	bx	lr
.Ltmp33:
	.p2align	2
@ %bb.1:
	.loc	4 0 1 is_stmt 0         @ ../Basic/Source/gd32e23x_exti.c:0:1
__arm_cp.7_0:
	.long	1073808404              @ 0x40010414
.Lcpi_end8:
	.size	__arm_cp.7_0, .Lcpi_end8-__arm_cp.7_0
.Lfunc_end7:
	.size	exti_flag_clear, .Lfunc_end7-exti_flag_clear
	.cfi_endproc
	.cantunwind
	.fnend
                                        @ -- End function
	.section	.text.exti_interrupt_flag_get,"ax",%progbits
	.hidden	exti_interrupt_flag_get @ -- Begin function exti_interrupt_flag_get
	.globl	exti_interrupt_flag_get
	.p2align	2
	.type	exti_interrupt_flag_get,%function
	.code	16                      @ @exti_interrupt_flag_get
	.thumb_func
exti_interrupt_flag_get:
.Lfunc_begin8:
	.loc	4 204 0 is_stmt 1       @ ../Basic/Source/gd32e23x_exti.c:204:0
	.fnstart
	.cfi_startproc
@ %bb.0:
	@DEBUG_VALUE: exti_interrupt_flag_get:linex <- $r0
	@DEBUG_VALUE: exti_interrupt_flag_get:linex <- $r0
	ldr	r1, __arm_cp.8_0
.Ltmp34:
	.loc	4 207 17 prologue_end   @ ../Basic/Source/gd32e23x_exti.c:207:17
	ldr	r2, [r1, #20]
	.loc	4 207 25 is_stmt 0      @ ../Basic/Source/gd32e23x_exti.c:207:25
	ands	r2, r0
.Ltmp35:
	@DEBUG_VALUE: exti_interrupt_flag_get:flag_left <- $r2
	.loc	4 210 15 is_stmt 1      @ ../Basic/Source/gd32e23x_exti.c:210:15
	subs	r3, r2, #1
	sbcs	r2, r3
.Ltmp36:
	.loc	4 208 18                @ ../Basic/Source/gd32e23x_exti.c:208:18
	ldr	r1, [r1]
	.loc	4 208 29 is_stmt 0      @ ../Basic/Source/gd32e23x_exti.c:208:29
	ands	r1, r0
.Ltmp37:
	@DEBUG_VALUE: exti_interrupt_flag_get:flag_right <- $r1
	.loc	4 210 39 is_stmt 1      @ ../Basic/Source/gd32e23x_exti.c:210:39
	subs	r0, r1, #1
.Ltmp38:
	sbcs	r1, r0
.Ltmp39:
	.loc	4 210 29 is_stmt 0      @ ../Basic/Source/gd32e23x_exti.c:210:29
	ands	r1, r2
.Ltmp40:
	.loc	4 215 1 is_stmt 1       @ ../Basic/Source/gd32e23x_exti.c:215:1
	mov	r0, r1
	bx	lr
.Ltmp41:
	.p2align	2
@ %bb.1:
	.loc	4 0 1 is_stmt 0         @ ../Basic/Source/gd32e23x_exti.c:0:1
__arm_cp.8_0:
	.long	1073808384              @ 0x40010400
.Lcpi_end9:
	.size	__arm_cp.8_0, .Lcpi_end9-__arm_cp.8_0
.Lfunc_end8:
	.size	exti_interrupt_flag_get, .Lfunc_end8-exti_interrupt_flag_get
	.cfi_endproc
	.cantunwind
	.fnend
                                        @ -- End function
	.section	.text.exti_interrupt_flag_clear,"ax",%progbits
	.hidden	exti_interrupt_flag_clear @ -- Begin function exti_interrupt_flag_clear
	.globl	exti_interrupt_flag_clear
	.p2align	2
	.type	exti_interrupt_flag_clear,%function
	.code	16                      @ @exti_interrupt_flag_clear
	.thumb_func
exti_interrupt_flag_clear:
.Lfunc_begin9:
	.loc	4 226 0 is_stmt 1       @ ../Basic/Source/gd32e23x_exti.c:226:0
	.fnstart
	.cfi_startproc
@ %bb.0:
	@DEBUG_VALUE: exti_interrupt_flag_clear:linex <- $r0
	@DEBUG_VALUE: exti_interrupt_flag_clear:linex <- $r0
	ldr	r1, __arm_cp.9_0
.Ltmp42:
	.loc	4 227 13 prologue_end   @ ../Basic/Source/gd32e23x_exti.c:227:13
	str	r0, [r1]
	.loc	4 228 1                 @ ../Basic/Source/gd32e23x_exti.c:228:1
	bx	lr
.Ltmp43:
	.p2align	2
@ %bb.1:
	.loc	4 0 1 is_stmt 0         @ ../Basic/Source/gd32e23x_exti.c:0:1
__arm_cp.9_0:
	.long	1073808404              @ 0x40010414
.Lcpi_end10:
	.size	__arm_cp.9_0, .Lcpi_end10-__arm_cp.9_0
.Lfunc_end9:
	.size	exti_interrupt_flag_clear, .Lfunc_end9-exti_interrupt_flag_clear
	.cfi_endproc
	.cantunwind
	.fnend
                                        @ -- End function
	.section	.text.exti_software_interrupt_enable,"ax",%progbits
	.hidden	exti_software_interrupt_enable @ -- Begin function exti_software_interrupt_enable
	.globl	exti_software_interrupt_enable
	.p2align	2
	.type	exti_software_interrupt_enable,%function
	.code	16                      @ @exti_software_interrupt_enable
	.thumb_func
exti_software_interrupt_enable:
.Lfunc_begin10:
	.loc	4 239 0 is_stmt 1       @ ../Basic/Source/gd32e23x_exti.c:239:0
	.fnstart
	.cfi_startproc
@ %bb.0:
	@DEBUG_VALUE: exti_software_interrupt_enable:linex <- $r0
	@DEBUG_VALUE: exti_software_interrupt_enable:linex <- $r0
	ldr	r1, __arm_cp.10_0
.Ltmp44:
	.loc	4 240 16 prologue_end   @ ../Basic/Source/gd32e23x_exti.c:240:16
	ldr	r2, [r1]
	orrs	r2, r0
	str	r2, [r1]
	.loc	4 241 1                 @ ../Basic/Source/gd32e23x_exti.c:241:1
	bx	lr
.Ltmp45:
	.p2align	2
@ %bb.1:
	.loc	4 0 1 is_stmt 0         @ ../Basic/Source/gd32e23x_exti.c:0:1
__arm_cp.10_0:
	.long	1073808400              @ 0x40010410
.Lcpi_end11:
	.size	__arm_cp.10_0, .Lcpi_end11-__arm_cp.10_0
.Lfunc_end10:
	.size	exti_software_interrupt_enable, .Lfunc_end10-exti_software_interrupt_enable
	.cfi_endproc
	.cantunwind
	.fnend
                                        @ -- End function
	.section	.text.exti_software_interrupt_disable,"ax",%progbits
	.hidden	exti_software_interrupt_disable @ -- Begin function exti_software_interrupt_disable
	.globl	exti_software_interrupt_disable
	.p2align	2
	.type	exti_software_interrupt_disable,%function
	.code	16                      @ @exti_software_interrupt_disable
	.thumb_func
exti_software_interrupt_disable:
.Lfunc_begin11:
	.loc	4 252 0 is_stmt 1       @ ../Basic/Source/gd32e23x_exti.c:252:0
	.fnstart
	.cfi_startproc
@ %bb.0:
	@DEBUG_VALUE: exti_software_interrupt_disable:linex <- $r0
	@DEBUG_VALUE: exti_software_interrupt_disable:linex <- $r0
	ldr	r1, __arm_cp.11_0
.Ltmp46:
	.loc	4 253 16 prologue_end   @ ../Basic/Source/gd32e23x_exti.c:253:16
	ldr	r2, [r1]
	bics	r2, r0
	str	r2, [r1]
	.loc	4 254 1                 @ ../Basic/Source/gd32e23x_exti.c:254:1
	bx	lr
.Ltmp47:
	.p2align	2
@ %bb.1:
	.loc	4 0 1 is_stmt 0         @ ../Basic/Source/gd32e23x_exti.c:0:1
__arm_cp.11_0:
	.long	1073808400              @ 0x40010410
.Lcpi_end12:
	.size	__arm_cp.11_0, .Lcpi_end12-__arm_cp.11_0
.Lfunc_end11:
	.size	exti_software_interrupt_disable, .Lfunc_end11-exti_software_interrupt_disable
	.cfi_endproc
	.cantunwind
	.fnend
                                        @ -- End function
	.section	.debug_str,"MS",%progbits,1
.Linfo_string0:
	.asciz	"Component: ARM Compiler 6.14 Tool: armclang [5db06c00]" @ string offset=0
.Linfo_string1:
	.asciz	"../Basic/Source\\gd32e23x_exti.c" @ string offset=55
.Linfo_string2:
	.asciz	"C:\\Users\\13728\\Desktop\\general igniter\\Project" @ string offset=87
.Linfo_string3:
	.asciz	"unsigned int"          @ string offset=134
.Linfo_string4:
	.asciz	"EXTI_0"                @ string offset=147
.Linfo_string5:
	.asciz	"EXTI_1"                @ string offset=154
.Linfo_string6:
	.asciz	"EXTI_2"                @ string offset=161
.Linfo_string7:
	.asciz	"EXTI_3"                @ string offset=168
.Linfo_string8:
	.asciz	"EXTI_4"                @ string offset=175
.Linfo_string9:
	.asciz	"EXTI_5"                @ string offset=182
.Linfo_string10:
	.asciz	"EXTI_6"                @ string offset=189
.Linfo_string11:
	.asciz	"EXTI_7"                @ string offset=196
.Linfo_string12:
	.asciz	"EXTI_8"                @ string offset=203
.Linfo_string13:
	.asciz	"EXTI_9"                @ string offset=210
.Linfo_string14:
	.asciz	"EXTI_10"               @ string offset=217
.Linfo_string15:
	.asciz	"EXTI_11"               @ string offset=225
.Linfo_string16:
	.asciz	"EXTI_12"               @ string offset=233
.Linfo_string17:
	.asciz	"EXTI_13"               @ string offset=241
.Linfo_string18:
	.asciz	"EXTI_14"               @ string offset=249
.Linfo_string19:
	.asciz	"EXTI_15"               @ string offset=257
.Linfo_string20:
	.asciz	"EXTI_16"               @ string offset=265
.Linfo_string21:
	.asciz	"EXTI_17"               @ string offset=273
.Linfo_string22:
	.asciz	"EXTI_18"               @ string offset=281
.Linfo_string23:
	.asciz	"EXTI_19"               @ string offset=289
.Linfo_string24:
	.asciz	"EXTI_20"               @ string offset=297
.Linfo_string25:
	.asciz	"EXTI_21"               @ string offset=305
.Linfo_string26:
	.asciz	"EXTI_22"               @ string offset=313
.Linfo_string27:
	.asciz	"EXTI_23"               @ string offset=321
.Linfo_string28:
	.asciz	"EXTI_24"               @ string offset=329
.Linfo_string29:
	.asciz	"EXTI_25"               @ string offset=337
.Linfo_string30:
	.asciz	"EXTI_26"               @ string offset=345
.Linfo_string31:
	.asciz	"EXTI_27"               @ string offset=353
.Linfo_string32:
	.asciz	"unsigned char"         @ string offset=361
.Linfo_string33:
	.asciz	"EXTI_INTERRUPT"        @ string offset=375
.Linfo_string34:
	.asciz	"EXTI_EVENT"            @ string offset=390
.Linfo_string35:
	.asciz	"EXTI_TRIG_RISING"      @ string offset=401
.Linfo_string36:
	.asciz	"EXTI_TRIG_FALLING"     @ string offset=418
.Linfo_string37:
	.asciz	"EXTI_TRIG_BOTH"        @ string offset=436
.Linfo_string38:
	.asciz	"RESET"                 @ string offset=451
.Linfo_string39:
	.asciz	"SET"                   @ string offset=457
.Linfo_string40:
	.asciz	"uint32_t"              @ string offset=461
.Linfo_string41:
	.asciz	"exti_deinit"           @ string offset=470
.Linfo_string42:
	.asciz	"exti_init"             @ string offset=482
.Linfo_string43:
	.asciz	"exti_interrupt_enable" @ string offset=492
.Linfo_string44:
	.asciz	"exti_event_enable"     @ string offset=514
.Linfo_string45:
	.asciz	"exti_interrupt_disable" @ string offset=532
.Linfo_string46:
	.asciz	"exti_event_disable"    @ string offset=555
.Linfo_string47:
	.asciz	"exti_flag_get"         @ string offset=574
.Linfo_string48:
	.asciz	"FlagStatus"            @ string offset=588
.Linfo_string49:
	.asciz	"exti_flag_clear"       @ string offset=599
.Linfo_string50:
	.asciz	"exti_interrupt_flag_get" @ string offset=615
.Linfo_string51:
	.asciz	"exti_interrupt_flag_clear" @ string offset=639
.Linfo_string52:
	.asciz	"exti_software_interrupt_enable" @ string offset=665
.Linfo_string53:
	.asciz	"exti_software_interrupt_disable" @ string offset=696
.Linfo_string54:
	.asciz	"linex"                 @ string offset=728
.Linfo_string55:
	.asciz	"exti_line_enum"        @ string offset=734
.Linfo_string56:
	.asciz	"mode"                  @ string offset=749
.Linfo_string57:
	.asciz	"exti_mode_enum"        @ string offset=754
.Linfo_string58:
	.asciz	"trig_type"             @ string offset=769
.Linfo_string59:
	.asciz	"exti_trig_type_enum"   @ string offset=779
.Linfo_string60:
	.asciz	"flag_left"             @ string offset=799
.Linfo_string61:
	.asciz	"flag_right"            @ string offset=809
	.section	.debug_loc,"",%progbits
.Ldebug_loc0:
	.long	-1
	.long	.Lfunc_begin1           @   base address
	.long	.Lfunc_begin1-.Lfunc_begin1
	.long	.Ltmp19-.Lfunc_begin1
	.short	1                       @ Loc expr size
	.byte	80                      @ DW_OP_reg0
	.long	0
	.long	0
.Ldebug_loc1:
	.long	-1
	.long	.Lfunc_begin1           @   base address
	.long	.Lfunc_begin1-.Lfunc_begin1
	.long	.Ltmp5-.Lfunc_begin1
	.short	1                       @ Loc expr size
	.byte	81                      @ DW_OP_reg1
	.long	.Ltmp6-.Lfunc_begin1
	.long	.Ltmp7-.Lfunc_begin1
	.short	1                       @ Loc expr size
	.byte	81                      @ DW_OP_reg1
	.long	0
	.long	0
.Ldebug_loc2:
	.long	-1
	.long	.Lfunc_begin1           @   base address
	.long	.Lfunc_begin1-.Lfunc_begin1
	.long	.Ltmp12-.Lfunc_begin1
	.short	1                       @ Loc expr size
	.byte	82                      @ DW_OP_reg2
	.long	.Ltmp13-.Lfunc_begin1
	.long	.Ltmp15-.Lfunc_begin1
	.short	1                       @ Loc expr size
	.byte	82                      @ DW_OP_reg2
	.long	0
	.long	0
.Ldebug_loc3:
	.long	-1
	.long	.Lfunc_begin2           @   base address
	.long	.Lfunc_begin2-.Lfunc_begin2
	.long	.Ltmp21-.Lfunc_begin2
	.short	1                       @ Loc expr size
	.byte	80                      @ DW_OP_reg0
	.long	0
	.long	0
.Ldebug_loc4:
	.long	-1
	.long	.Lfunc_begin3           @   base address
	.long	.Lfunc_begin3-.Lfunc_begin3
	.long	.Ltmp23-.Lfunc_begin3
	.short	1                       @ Loc expr size
	.byte	80                      @ DW_OP_reg0
	.long	0
	.long	0
.Ldebug_loc5:
	.long	-1
	.long	.Lfunc_begin4           @   base address
	.long	.Lfunc_begin4-.Lfunc_begin4
	.long	.Ltmp25-.Lfunc_begin4
	.short	1                       @ Loc expr size
	.byte	80                      @ DW_OP_reg0
	.long	0
	.long	0
.Ldebug_loc6:
	.long	-1
	.long	.Lfunc_begin5           @   base address
	.long	.Lfunc_begin5-.Lfunc_begin5
	.long	.Ltmp27-.Lfunc_begin5
	.short	1                       @ Loc expr size
	.byte	80                      @ DW_OP_reg0
	.long	0
	.long	0
.Ldebug_loc7:
	.long	-1
	.long	.Lfunc_begin6           @   base address
	.long	.Lfunc_begin6-.Lfunc_begin6
	.long	.Ltmp29-.Lfunc_begin6
	.short	1                       @ Loc expr size
	.byte	80                      @ DW_OP_reg0
	.long	0
	.long	0
.Ldebug_loc8:
	.long	-1
	.long	.Lfunc_begin7           @   base address
	.long	.Lfunc_begin7-.Lfunc_begin7
	.long	.Ltmp33-.Lfunc_begin7
	.short	1                       @ Loc expr size
	.byte	80                      @ DW_OP_reg0
	.long	0
	.long	0
.Ldebug_loc9:
	.long	-1
	.long	.Lfunc_begin8           @   base address
	.long	.Lfunc_begin8-.Lfunc_begin8
	.long	.Ltmp38-.Lfunc_begin8
	.short	1                       @ Loc expr size
	.byte	80                      @ DW_OP_reg0
	.long	0
	.long	0
.Ldebug_loc10:
	.long	-1
	.long	.Lfunc_begin8           @   base address
	.long	.Ltmp35-.Lfunc_begin8
	.long	.Ltmp36-.Lfunc_begin8
	.short	1                       @ Loc expr size
	.byte	82                      @ DW_OP_reg2
	.long	0
	.long	0
.Ldebug_loc11:
	.long	-1
	.long	.Lfunc_begin8           @   base address
	.long	.Ltmp37-.Lfunc_begin8
	.long	.Ltmp39-.Lfunc_begin8
	.short	1                       @ Loc expr size
	.byte	81                      @ DW_OP_reg1
	.long	0
	.long	0
.Ldebug_loc12:
	.long	-1
	.long	.Lfunc_begin9           @   base address
	.long	.Lfunc_begin9-.Lfunc_begin9
	.long	.Ltmp43-.Lfunc_begin9
	.short	1                       @ Loc expr size
	.byte	80                      @ DW_OP_reg0
	.long	0
	.long	0
.Ldebug_loc13:
	.long	-1
	.long	.Lfunc_begin10          @   base address
	.long	.Lfunc_begin10-.Lfunc_begin10
	.long	.Ltmp45-.Lfunc_begin10
	.short	1                       @ Loc expr size
	.byte	80                      @ DW_OP_reg0
	.long	0
	.long	0
.Ldebug_loc14:
	.long	-1
	.long	.Lfunc_begin11          @   base address
	.long	.Lfunc_begin11-.Lfunc_begin11
	.long	.Ltmp47-.Lfunc_begin11
	.short	1                       @ Loc expr size
	.byte	80                      @ DW_OP_reg0
	.long	0
	.long	0
	.section	.debug_abbrev,"",%progbits
	.byte	1                       @ Abbreviation Code
	.byte	17                      @ DW_TAG_compile_unit
	.byte	1                       @ DW_CHILDREN_yes
	.byte	37                      @ DW_AT_producer
	.byte	14                      @ DW_FORM_strp
	.byte	19                      @ DW_AT_language
	.byte	5                       @ DW_FORM_data2
	.byte	3                       @ DW_AT_name
	.byte	14                      @ DW_FORM_strp
	.byte	16                      @ DW_AT_stmt_list
	.byte	6                       @ DW_FORM_data4
	.byte	27                      @ DW_AT_comp_dir
	.byte	14                      @ DW_FORM_strp
	.byte	17                      @ DW_AT_low_pc
	.byte	1                       @ DW_FORM_addr
	.byte	85                      @ DW_AT_ranges
	.byte	6                       @ DW_FORM_data4
	.byte	0                       @ EOM(1)
	.byte	0                       @ EOM(2)
	.byte	2                       @ Abbreviation Code
	.byte	4                       @ DW_TAG_enumeration_type
	.byte	1                       @ DW_CHILDREN_yes
	.byte	73                      @ DW_AT_type
	.byte	19                      @ DW_FORM_ref4
	.byte	11                      @ DW_AT_byte_size
	.byte	11                      @ DW_FORM_data1
	.byte	58                      @ DW_AT_decl_file
	.byte	11                      @ DW_FORM_data1
	.byte	59                      @ DW_AT_decl_line
	.byte	11                      @ DW_FORM_data1
	.byte	0                       @ EOM(1)
	.byte	0                       @ EOM(2)
	.byte	3                       @ Abbreviation Code
	.byte	40                      @ DW_TAG_enumerator
	.byte	0                       @ DW_CHILDREN_no
	.byte	3                       @ DW_AT_name
	.byte	14                      @ DW_FORM_strp
	.byte	28                      @ DW_AT_const_value
	.byte	15                      @ DW_FORM_udata
	.byte	0                       @ EOM(1)
	.byte	0                       @ EOM(2)
	.byte	4                       @ Abbreviation Code
	.byte	36                      @ DW_TAG_base_type
	.byte	0                       @ DW_CHILDREN_no
	.byte	3                       @ DW_AT_name
	.byte	14                      @ DW_FORM_strp
	.byte	62                      @ DW_AT_encoding
	.byte	11                      @ DW_FORM_data1
	.byte	11                      @ DW_AT_byte_size
	.byte	11                      @ DW_FORM_data1
	.byte	0                       @ EOM(1)
	.byte	0                       @ EOM(2)
	.byte	5                       @ Abbreviation Code
	.byte	22                      @ DW_TAG_typedef
	.byte	0                       @ DW_CHILDREN_no
	.byte	73                      @ DW_AT_type
	.byte	19                      @ DW_FORM_ref4
	.byte	3                       @ DW_AT_name
	.byte	14                      @ DW_FORM_strp
	.byte	58                      @ DW_AT_decl_file
	.byte	11                      @ DW_FORM_data1
	.byte	59                      @ DW_AT_decl_line
	.byte	11                      @ DW_FORM_data1
	.byte	0                       @ EOM(1)
	.byte	0                       @ EOM(2)
	.byte	6                       @ Abbreviation Code
	.byte	15                      @ DW_TAG_pointer_type
	.byte	0                       @ DW_CHILDREN_no
	.byte	73                      @ DW_AT_type
	.byte	19                      @ DW_FORM_ref4
	.byte	0                       @ EOM(1)
	.byte	0                       @ EOM(2)
	.byte	7                       @ Abbreviation Code
	.byte	53                      @ DW_TAG_volatile_type
	.byte	0                       @ DW_CHILDREN_no
	.byte	73                      @ DW_AT_type
	.byte	19                      @ DW_FORM_ref4
	.byte	0                       @ EOM(1)
	.byte	0                       @ EOM(2)
	.byte	8                       @ Abbreviation Code
	.byte	46                      @ DW_TAG_subprogram
	.byte	0                       @ DW_CHILDREN_no
	.byte	17                      @ DW_AT_low_pc
	.byte	1                       @ DW_FORM_addr
	.byte	18                      @ DW_AT_high_pc
	.byte	1                       @ DW_FORM_addr
	.byte	64                      @ DW_AT_frame_base
	.byte	10                      @ DW_FORM_block1
	.byte	3                       @ DW_AT_name
	.byte	14                      @ DW_FORM_strp
	.byte	58                      @ DW_AT_decl_file
	.byte	11                      @ DW_FORM_data1
	.byte	59                      @ DW_AT_decl_line
	.byte	11                      @ DW_FORM_data1
	.byte	39                      @ DW_AT_prototyped
	.byte	12                      @ DW_FORM_flag
	.byte	63                      @ DW_AT_external
	.byte	12                      @ DW_FORM_flag
	.byte	0                       @ EOM(1)
	.byte	0                       @ EOM(2)
	.byte	9                       @ Abbreviation Code
	.byte	46                      @ DW_TAG_subprogram
	.byte	1                       @ DW_CHILDREN_yes
	.byte	17                      @ DW_AT_low_pc
	.byte	1                       @ DW_FORM_addr
	.byte	18                      @ DW_AT_high_pc
	.byte	1                       @ DW_FORM_addr
	.byte	64                      @ DW_AT_frame_base
	.byte	10                      @ DW_FORM_block1
	.byte	3                       @ DW_AT_name
	.byte	14                      @ DW_FORM_strp
	.byte	58                      @ DW_AT_decl_file
	.byte	11                      @ DW_FORM_data1
	.byte	59                      @ DW_AT_decl_line
	.byte	11                      @ DW_FORM_data1
	.byte	39                      @ DW_AT_prototyped
	.byte	12                      @ DW_FORM_flag
	.byte	63                      @ DW_AT_external
	.byte	12                      @ DW_FORM_flag
	.byte	0                       @ EOM(1)
	.byte	0                       @ EOM(2)
	.byte	10                      @ Abbreviation Code
	.byte	5                       @ DW_TAG_formal_parameter
	.byte	0                       @ DW_CHILDREN_no
	.byte	2                       @ DW_AT_location
	.byte	6                       @ DW_FORM_data4
	.byte	3                       @ DW_AT_name
	.byte	14                      @ DW_FORM_strp
	.byte	58                      @ DW_AT_decl_file
	.byte	11                      @ DW_FORM_data1
	.byte	59                      @ DW_AT_decl_line
	.byte	11                      @ DW_FORM_data1
	.byte	73                      @ DW_AT_type
	.byte	19                      @ DW_FORM_ref4
	.byte	0                       @ EOM(1)
	.byte	0                       @ EOM(2)
	.byte	11                      @ Abbreviation Code
	.byte	46                      @ DW_TAG_subprogram
	.byte	1                       @ DW_CHILDREN_yes
	.byte	17                      @ DW_AT_low_pc
	.byte	1                       @ DW_FORM_addr
	.byte	18                      @ DW_AT_high_pc
	.byte	1                       @ DW_FORM_addr
	.byte	64                      @ DW_AT_frame_base
	.byte	10                      @ DW_FORM_block1
	.byte	3                       @ DW_AT_name
	.byte	14                      @ DW_FORM_strp
	.byte	58                      @ DW_AT_decl_file
	.byte	11                      @ DW_FORM_data1
	.byte	59                      @ DW_AT_decl_line
	.byte	11                      @ DW_FORM_data1
	.byte	39                      @ DW_AT_prototyped
	.byte	12                      @ DW_FORM_flag
	.byte	73                      @ DW_AT_type
	.byte	19                      @ DW_FORM_ref4
	.byte	63                      @ DW_AT_external
	.byte	12                      @ DW_FORM_flag
	.byte	0                       @ EOM(1)
	.byte	0                       @ EOM(2)
	.byte	12                      @ Abbreviation Code
	.byte	52                      @ DW_TAG_variable
	.byte	0                       @ DW_CHILDREN_no
	.byte	2                       @ DW_AT_location
	.byte	6                       @ DW_FORM_data4
	.byte	3                       @ DW_AT_name
	.byte	14                      @ DW_FORM_strp
	.byte	58                      @ DW_AT_decl_file
	.byte	11                      @ DW_FORM_data1
	.byte	59                      @ DW_AT_decl_line
	.byte	11                      @ DW_FORM_data1
	.byte	73                      @ DW_AT_type
	.byte	19                      @ DW_FORM_ref4
	.byte	0                       @ EOM(1)
	.byte	0                       @ EOM(2)
	.byte	0                       @ EOM(3)
	.section	.debug_info,"",%progbits
.Lcu_begin0:
	.long	.Ldebug_info_end0-.Ldebug_info_start0 @ Length of Unit
.Ldebug_info_start0:
	.short	3                       @ DWARF version number
	.long	.debug_abbrev           @ Offset Into Abbrev. Section
	.byte	4                       @ Address Size (in bytes)
	.byte	1                       @ Abbrev [1] 0xb:0x363 DW_TAG_compile_unit
	.long	.Linfo_string0          @ DW_AT_producer
	.short	12                      @ DW_AT_language
	.long	.Linfo_string1          @ DW_AT_name
	.long	.Lline_table_start0     @ DW_AT_stmt_list
	.long	.Linfo_string2          @ DW_AT_comp_dir
	.long	0                       @ DW_AT_low_pc
	.long	.Ldebug_ranges0         @ DW_AT_ranges
	.byte	2                       @ Abbrev [2] 0x26:0xdb DW_TAG_enumeration_type
	.long	257                     @ DW_AT_type
	.byte	4                       @ DW_AT_byte_size
	.byte	1                       @ DW_AT_decl_file
	.byte	204                     @ DW_AT_decl_line
	.byte	3                       @ Abbrev [3] 0x2e:0x6 DW_TAG_enumerator
	.long	.Linfo_string4          @ DW_AT_name
	.byte	1                       @ DW_AT_const_value
	.byte	3                       @ Abbrev [3] 0x34:0x6 DW_TAG_enumerator
	.long	.Linfo_string5          @ DW_AT_name
	.byte	2                       @ DW_AT_const_value
	.byte	3                       @ Abbrev [3] 0x3a:0x6 DW_TAG_enumerator
	.long	.Linfo_string6          @ DW_AT_name
	.byte	4                       @ DW_AT_const_value
	.byte	3                       @ Abbrev [3] 0x40:0x6 DW_TAG_enumerator
	.long	.Linfo_string7          @ DW_AT_name
	.byte	8                       @ DW_AT_const_value
	.byte	3                       @ Abbrev [3] 0x46:0x6 DW_TAG_enumerator
	.long	.Linfo_string8          @ DW_AT_name
	.byte	16                      @ DW_AT_const_value
	.byte	3                       @ Abbrev [3] 0x4c:0x6 DW_TAG_enumerator
	.long	.Linfo_string9          @ DW_AT_name
	.byte	32                      @ DW_AT_const_value
	.byte	3                       @ Abbrev [3] 0x52:0x6 DW_TAG_enumerator
	.long	.Linfo_string10         @ DW_AT_name
	.byte	64                      @ DW_AT_const_value
	.byte	3                       @ Abbrev [3] 0x58:0x7 DW_TAG_enumerator
	.long	.Linfo_string11         @ DW_AT_name
	.ascii	"\200\001"              @ DW_AT_const_value
	.byte	3                       @ Abbrev [3] 0x5f:0x7 DW_TAG_enumerator
	.long	.Linfo_string12         @ DW_AT_name
	.ascii	"\200\002"              @ DW_AT_const_value
	.byte	3                       @ Abbrev [3] 0x66:0x7 DW_TAG_enumerator
	.long	.Linfo_string13         @ DW_AT_name
	.ascii	"\200\004"              @ DW_AT_const_value
	.byte	3                       @ Abbrev [3] 0x6d:0x7 DW_TAG_enumerator
	.long	.Linfo_string14         @ DW_AT_name
	.ascii	"\200\b"                @ DW_AT_const_value
	.byte	3                       @ Abbrev [3] 0x74:0x7 DW_TAG_enumerator
	.long	.Linfo_string15         @ DW_AT_name
	.ascii	"\200\020"              @ DW_AT_const_value
	.byte	3                       @ Abbrev [3] 0x7b:0x7 DW_TAG_enumerator
	.long	.Linfo_string16         @ DW_AT_name
	.ascii	"\200 "                 @ DW_AT_const_value
	.byte	3                       @ Abbrev [3] 0x82:0x7 DW_TAG_enumerator
	.long	.Linfo_string17         @ DW_AT_name
	.ascii	"\200@"                 @ DW_AT_const_value
	.byte	3                       @ Abbrev [3] 0x89:0x8 DW_TAG_enumerator
	.long	.Linfo_string18         @ DW_AT_name
	.ascii	"\200\200\001"          @ DW_AT_const_value
	.byte	3                       @ Abbrev [3] 0x91:0x8 DW_TAG_enumerator
	.long	.Linfo_string19         @ DW_AT_name
	.ascii	"\200\200\002"          @ DW_AT_const_value
	.byte	3                       @ Abbrev [3] 0x99:0x8 DW_TAG_enumerator
	.long	.Linfo_string20         @ DW_AT_name
	.ascii	"\200\200\004"          @ DW_AT_const_value
	.byte	3                       @ Abbrev [3] 0xa1:0x8 DW_TAG_enumerator
	.long	.Linfo_string21         @ DW_AT_name
	.ascii	"\200\200\b"            @ DW_AT_const_value
	.byte	3                       @ Abbrev [3] 0xa9:0x8 DW_TAG_enumerator
	.long	.Linfo_string22         @ DW_AT_name
	.ascii	"\200\200\020"          @ DW_AT_const_value
	.byte	3                       @ Abbrev [3] 0xb1:0x8 DW_TAG_enumerator
	.long	.Linfo_string23         @ DW_AT_name
	.ascii	"\200\200 "             @ DW_AT_const_value
	.byte	3                       @ Abbrev [3] 0xb9:0x8 DW_TAG_enumerator
	.long	.Linfo_string24         @ DW_AT_name
	.ascii	"\200\200@"             @ DW_AT_const_value
	.byte	3                       @ Abbrev [3] 0xc1:0x9 DW_TAG_enumerator
	.long	.Linfo_string25         @ DW_AT_name
	.ascii	"\200\200\200\001"      @ DW_AT_const_value
	.byte	3                       @ Abbrev [3] 0xca:0x9 DW_TAG_enumerator
	.long	.Linfo_string26         @ DW_AT_name
	.ascii	"\200\200\200\002"      @ DW_AT_const_value
	.byte	3                       @ Abbrev [3] 0xd3:0x9 DW_TAG_enumerator
	.long	.Linfo_string27         @ DW_AT_name
	.ascii	"\200\200\200\004"      @ DW_AT_const_value
	.byte	3                       @ Abbrev [3] 0xdc:0x9 DW_TAG_enumerator
	.long	.Linfo_string28         @ DW_AT_name
	.ascii	"\200\200\200\b"        @ DW_AT_const_value
	.byte	3                       @ Abbrev [3] 0xe5:0x9 DW_TAG_enumerator
	.long	.Linfo_string29         @ DW_AT_name
	.ascii	"\200\200\200\020"      @ DW_AT_const_value
	.byte	3                       @ Abbrev [3] 0xee:0x9 DW_TAG_enumerator
	.long	.Linfo_string30         @ DW_AT_name
	.ascii	"\200\200\200 "         @ DW_AT_const_value
	.byte	3                       @ Abbrev [3] 0xf7:0x9 DW_TAG_enumerator
	.long	.Linfo_string31         @ DW_AT_name
	.ascii	"\200\200\200@"         @ DW_AT_const_value
	.byte	0                       @ End Of Children Mark
	.byte	4                       @ Abbrev [4] 0x101:0x7 DW_TAG_base_type
	.long	.Linfo_string3          @ DW_AT_name
	.byte	7                       @ DW_AT_encoding
	.byte	4                       @ DW_AT_byte_size
	.byte	2                       @ Abbrev [2] 0x108:0x15 DW_TAG_enumeration_type
	.long	285                     @ DW_AT_type
	.byte	1                       @ DW_AT_byte_size
	.byte	1                       @ DW_AT_decl_file
	.byte	237                     @ DW_AT_decl_line
	.byte	3                       @ Abbrev [3] 0x110:0x6 DW_TAG_enumerator
	.long	.Linfo_string33         @ DW_AT_name
	.byte	0                       @ DW_AT_const_value
	.byte	3                       @ Abbrev [3] 0x116:0x6 DW_TAG_enumerator
	.long	.Linfo_string34         @ DW_AT_name
	.byte	1                       @ DW_AT_const_value
	.byte	0                       @ End Of Children Mark
	.byte	4                       @ Abbrev [4] 0x11d:0x7 DW_TAG_base_type
	.long	.Linfo_string32         @ DW_AT_name
	.byte	8                       @ DW_AT_encoding
	.byte	1                       @ DW_AT_byte_size
	.byte	2                       @ Abbrev [2] 0x124:0x1b DW_TAG_enumeration_type
	.long	285                     @ DW_AT_type
	.byte	1                       @ DW_AT_byte_size
	.byte	1                       @ DW_AT_decl_file
	.byte	244                     @ DW_AT_decl_line
	.byte	3                       @ Abbrev [3] 0x12c:0x6 DW_TAG_enumerator
	.long	.Linfo_string35         @ DW_AT_name
	.byte	0                       @ DW_AT_const_value
	.byte	3                       @ Abbrev [3] 0x132:0x6 DW_TAG_enumerator
	.long	.Linfo_string36         @ DW_AT_name
	.byte	1                       @ DW_AT_const_value
	.byte	3                       @ Abbrev [3] 0x138:0x6 DW_TAG_enumerator
	.long	.Linfo_string37         @ DW_AT_name
	.byte	2                       @ DW_AT_const_value
	.byte	0                       @ End Of Children Mark
	.byte	2                       @ Abbrev [2] 0x13f:0x15 DW_TAG_enumeration_type
	.long	285                     @ DW_AT_type
	.byte	1                       @ DW_AT_byte_size
	.byte	2                       @ DW_AT_decl_file
	.byte	166                     @ DW_AT_decl_line
	.byte	3                       @ Abbrev [3] 0x147:0x6 DW_TAG_enumerator
	.long	.Linfo_string38         @ DW_AT_name
	.byte	0                       @ DW_AT_const_value
	.byte	3                       @ Abbrev [3] 0x14d:0x6 DW_TAG_enumerator
	.long	.Linfo_string39         @ DW_AT_name
	.byte	1                       @ DW_AT_const_value
	.byte	0                       @ End Of Children Mark
	.byte	5                       @ Abbrev [5] 0x154:0xb DW_TAG_typedef
	.long	257                     @ DW_AT_type
	.long	.Linfo_string40         @ DW_AT_name
	.byte	3                       @ DW_AT_decl_file
	.byte	64                      @ DW_AT_decl_line
	.byte	6                       @ Abbrev [6] 0x15f:0x5 DW_TAG_pointer_type
	.long	356                     @ DW_AT_type
	.byte	7                       @ Abbrev [7] 0x164:0x5 DW_TAG_volatile_type
	.long	340                     @ DW_AT_type
	.byte	8                       @ Abbrev [8] 0x169:0x13 DW_TAG_subprogram
	.long	.Lfunc_begin0           @ DW_AT_low_pc
	.long	.Lfunc_end0             @ DW_AT_high_pc
	.byte	1                       @ DW_AT_frame_base
	.byte	93
	.long	.Linfo_string41         @ DW_AT_name
	.byte	4                       @ DW_AT_decl_file
	.byte	45                      @ DW_AT_decl_line
	.byte	1                       @ DW_AT_prototyped
	.byte	1                       @ DW_AT_external
	.byte	9                       @ Abbrev [9] 0x17c:0x41 DW_TAG_subprogram
	.long	.Lfunc_begin1           @ DW_AT_low_pc
	.long	.Lfunc_end1             @ DW_AT_high_pc
	.byte	1                       @ DW_AT_frame_base
	.byte	93
	.long	.Linfo_string42         @ DW_AT_name
	.byte	4                       @ DW_AT_decl_file
	.byte	72                      @ DW_AT_decl_line
	.byte	1                       @ DW_AT_prototyped
	.byte	1                       @ DW_AT_external
	.byte	10                      @ Abbrev [10] 0x18f:0xf DW_TAG_formal_parameter
	.long	.Ldebug_loc0            @ DW_AT_location
	.long	.Linfo_string54         @ DW_AT_name
	.byte	4                       @ DW_AT_decl_file
	.byte	72                      @ DW_AT_decl_line
	.long	844                     @ DW_AT_type
	.byte	10                      @ Abbrev [10] 0x19e:0xf DW_TAG_formal_parameter
	.long	.Ldebug_loc1            @ DW_AT_location
	.long	.Linfo_string56         @ DW_AT_name
	.byte	4                       @ DW_AT_decl_file
	.byte	73                      @ DW_AT_decl_line
	.long	855                     @ DW_AT_type
	.byte	10                      @ Abbrev [10] 0x1ad:0xf DW_TAG_formal_parameter
	.long	.Ldebug_loc2            @ DW_AT_location
	.long	.Linfo_string58         @ DW_AT_name
	.byte	4                       @ DW_AT_decl_file
	.byte	74                      @ DW_AT_decl_line
	.long	866                     @ DW_AT_type
	.byte	0                       @ End Of Children Mark
	.byte	9                       @ Abbrev [9] 0x1bd:0x23 DW_TAG_subprogram
	.long	.Lfunc_begin2           @ DW_AT_low_pc
	.long	.Lfunc_end2             @ DW_AT_high_pc
	.byte	1                       @ DW_AT_frame_base
	.byte	93
	.long	.Linfo_string43         @ DW_AT_name
	.byte	4                       @ DW_AT_decl_file
	.byte	121                     @ DW_AT_decl_line
	.byte	1                       @ DW_AT_prototyped
	.byte	1                       @ DW_AT_external
	.byte	10                      @ Abbrev [10] 0x1d0:0xf DW_TAG_formal_parameter
	.long	.Ldebug_loc3            @ DW_AT_location
	.long	.Linfo_string54         @ DW_AT_name
	.byte	4                       @ DW_AT_decl_file
	.byte	121                     @ DW_AT_decl_line
	.long	844                     @ DW_AT_type
	.byte	0                       @ End Of Children Mark
	.byte	9                       @ Abbrev [9] 0x1e0:0x23 DW_TAG_subprogram
	.long	.Lfunc_begin3           @ DW_AT_low_pc
	.long	.Lfunc_end3             @ DW_AT_high_pc
	.byte	1                       @ DW_AT_frame_base
	.byte	93
	.long	.Linfo_string44         @ DW_AT_name
	.byte	4                       @ DW_AT_decl_file
	.byte	134                     @ DW_AT_decl_line
	.byte	1                       @ DW_AT_prototyped
	.byte	1                       @ DW_AT_external
	.byte	10                      @ Abbrev [10] 0x1f3:0xf DW_TAG_formal_parameter
	.long	.Ldebug_loc4            @ DW_AT_location
	.long	.Linfo_string54         @ DW_AT_name
	.byte	4                       @ DW_AT_decl_file
	.byte	134                     @ DW_AT_decl_line
	.long	844                     @ DW_AT_type
	.byte	0                       @ End Of Children Mark
	.byte	9                       @ Abbrev [9] 0x203:0x23 DW_TAG_subprogram
	.long	.Lfunc_begin4           @ DW_AT_low_pc
	.long	.Lfunc_end4             @ DW_AT_high_pc
	.byte	1                       @ DW_AT_frame_base
	.byte	93
	.long	.Linfo_string45         @ DW_AT_name
	.byte	4                       @ DW_AT_decl_file
	.byte	147                     @ DW_AT_decl_line
	.byte	1                       @ DW_AT_prototyped
	.byte	1                       @ DW_AT_external
	.byte	10                      @ Abbrev [10] 0x216:0xf DW_TAG_formal_parameter
	.long	.Ldebug_loc5            @ DW_AT_location
	.long	.Linfo_string54         @ DW_AT_name
	.byte	4                       @ DW_AT_decl_file
	.byte	147                     @ DW_AT_decl_line
	.long	844                     @ DW_AT_type
	.byte	0                       @ End Of Children Mark
	.byte	9                       @ Abbrev [9] 0x226:0x23 DW_TAG_subprogram
	.long	.Lfunc_begin5           @ DW_AT_low_pc
	.long	.Lfunc_end5             @ DW_AT_high_pc
	.byte	1                       @ DW_AT_frame_base
	.byte	93
	.long	.Linfo_string46         @ DW_AT_name
	.byte	4                       @ DW_AT_decl_file
	.byte	160                     @ DW_AT_decl_line
	.byte	1                       @ DW_AT_prototyped
	.byte	1                       @ DW_AT_external
	.byte	10                      @ Abbrev [10] 0x239:0xf DW_TAG_formal_parameter
	.long	.Ldebug_loc6            @ DW_AT_location
	.long	.Linfo_string54         @ DW_AT_name
	.byte	4                       @ DW_AT_decl_file
	.byte	160                     @ DW_AT_decl_line
	.long	844                     @ DW_AT_type
	.byte	0                       @ End Of Children Mark
	.byte	11                      @ Abbrev [11] 0x249:0x27 DW_TAG_subprogram
	.long	.Lfunc_begin6           @ DW_AT_low_pc
	.long	.Lfunc_end6             @ DW_AT_high_pc
	.byte	1                       @ DW_AT_frame_base
	.byte	93
	.long	.Linfo_string47         @ DW_AT_name
	.byte	4                       @ DW_AT_decl_file
	.byte	173                     @ DW_AT_decl_line
	.byte	1                       @ DW_AT_prototyped
	.long	833                     @ DW_AT_type
	.byte	1                       @ DW_AT_external
	.byte	10                      @ Abbrev [10] 0x260:0xf DW_TAG_formal_parameter
	.long	.Ldebug_loc7            @ DW_AT_location
	.long	.Linfo_string54         @ DW_AT_name
	.byte	4                       @ DW_AT_decl_file
	.byte	173                     @ DW_AT_decl_line
	.long	844                     @ DW_AT_type
	.byte	0                       @ End Of Children Mark
	.byte	9                       @ Abbrev [9] 0x270:0x23 DW_TAG_subprogram
	.long	.Lfunc_begin7           @ DW_AT_low_pc
	.long	.Lfunc_end7             @ DW_AT_high_pc
	.byte	1                       @ DW_AT_frame_base
	.byte	93
	.long	.Linfo_string49         @ DW_AT_name
	.byte	4                       @ DW_AT_decl_file
	.byte	190                     @ DW_AT_decl_line
	.byte	1                       @ DW_AT_prototyped
	.byte	1                       @ DW_AT_external
	.byte	10                      @ Abbrev [10] 0x283:0xf DW_TAG_formal_parameter
	.long	.Ldebug_loc8            @ DW_AT_location
	.long	.Linfo_string54         @ DW_AT_name
	.byte	4                       @ DW_AT_decl_file
	.byte	190                     @ DW_AT_decl_line
	.long	844                     @ DW_AT_type
	.byte	0                       @ End Of Children Mark
	.byte	11                      @ Abbrev [11] 0x293:0x45 DW_TAG_subprogram
	.long	.Lfunc_begin8           @ DW_AT_low_pc
	.long	.Lfunc_end8             @ DW_AT_high_pc
	.byte	1                       @ DW_AT_frame_base
	.byte	93
	.long	.Linfo_string50         @ DW_AT_name
	.byte	4                       @ DW_AT_decl_file
	.byte	203                     @ DW_AT_decl_line
	.byte	1                       @ DW_AT_prototyped
	.long	833                     @ DW_AT_type
	.byte	1                       @ DW_AT_external
	.byte	10                      @ Abbrev [10] 0x2aa:0xf DW_TAG_formal_parameter
	.long	.Ldebug_loc9            @ DW_AT_location
	.long	.Linfo_string54         @ DW_AT_name
	.byte	4                       @ DW_AT_decl_file
	.byte	203                     @ DW_AT_decl_line
	.long	844                     @ DW_AT_type
	.byte	12                      @ Abbrev [12] 0x2b9:0xf DW_TAG_variable
	.long	.Ldebug_loc10           @ DW_AT_location
	.long	.Linfo_string60         @ DW_AT_name
	.byte	4                       @ DW_AT_decl_file
	.byte	205                     @ DW_AT_decl_line
	.long	340                     @ DW_AT_type
	.byte	12                      @ Abbrev [12] 0x2c8:0xf DW_TAG_variable
	.long	.Ldebug_loc11           @ DW_AT_location
	.long	.Linfo_string61         @ DW_AT_name
	.byte	4                       @ DW_AT_decl_file
	.byte	205                     @ DW_AT_decl_line
	.long	340                     @ DW_AT_type
	.byte	0                       @ End Of Children Mark
	.byte	9                       @ Abbrev [9] 0x2d8:0x23 DW_TAG_subprogram
	.long	.Lfunc_begin9           @ DW_AT_low_pc
	.long	.Lfunc_end9             @ DW_AT_high_pc
	.byte	1                       @ DW_AT_frame_base
	.byte	93
	.long	.Linfo_string51         @ DW_AT_name
	.byte	4                       @ DW_AT_decl_file
	.byte	225                     @ DW_AT_decl_line
	.byte	1                       @ DW_AT_prototyped
	.byte	1                       @ DW_AT_external
	.byte	10                      @ Abbrev [10] 0x2eb:0xf DW_TAG_formal_parameter
	.long	.Ldebug_loc12           @ DW_AT_location
	.long	.Linfo_string54         @ DW_AT_name
	.byte	4                       @ DW_AT_decl_file
	.byte	225                     @ DW_AT_decl_line
	.long	844                     @ DW_AT_type
	.byte	0                       @ End Of Children Mark
	.byte	9                       @ Abbrev [9] 0x2fb:0x23 DW_TAG_subprogram
	.long	.Lfunc_begin10          @ DW_AT_low_pc
	.long	.Lfunc_end10            @ DW_AT_high_pc
	.byte	1                       @ DW_AT_frame_base
	.byte	93
	.long	.Linfo_string52         @ DW_AT_name
	.byte	4                       @ DW_AT_decl_file
	.byte	238                     @ DW_AT_decl_line
	.byte	1                       @ DW_AT_prototyped
	.byte	1                       @ DW_AT_external
	.byte	10                      @ Abbrev [10] 0x30e:0xf DW_TAG_formal_parameter
	.long	.Ldebug_loc13           @ DW_AT_location
	.long	.Linfo_string54         @ DW_AT_name
	.byte	4                       @ DW_AT_decl_file
	.byte	238                     @ DW_AT_decl_line
	.long	844                     @ DW_AT_type
	.byte	0                       @ End Of Children Mark
	.byte	9                       @ Abbrev [9] 0x31e:0x23 DW_TAG_subprogram
	.long	.Lfunc_begin11          @ DW_AT_low_pc
	.long	.Lfunc_end11            @ DW_AT_high_pc
	.byte	1                       @ DW_AT_frame_base
	.byte	93
	.long	.Linfo_string53         @ DW_AT_name
	.byte	4                       @ DW_AT_decl_file
	.byte	251                     @ DW_AT_decl_line
	.byte	1                       @ DW_AT_prototyped
	.byte	1                       @ DW_AT_external
	.byte	10                      @ Abbrev [10] 0x331:0xf DW_TAG_formal_parameter
	.long	.Ldebug_loc14           @ DW_AT_location
	.long	.Linfo_string54         @ DW_AT_name
	.byte	4                       @ DW_AT_decl_file
	.byte	251                     @ DW_AT_decl_line
	.long	844                     @ DW_AT_type
	.byte	0                       @ End Of Children Mark
	.byte	5                       @ Abbrev [5] 0x341:0xb DW_TAG_typedef
	.long	319                     @ DW_AT_type
	.long	.Linfo_string48         @ DW_AT_name
	.byte	2                       @ DW_AT_decl_file
	.byte	166                     @ DW_AT_decl_line
	.byte	5                       @ Abbrev [5] 0x34c:0xb DW_TAG_typedef
	.long	38                      @ DW_AT_type
	.long	.Linfo_string55         @ DW_AT_name
	.byte	1                       @ DW_AT_decl_file
	.byte	234                     @ DW_AT_decl_line
	.byte	5                       @ Abbrev [5] 0x357:0xb DW_TAG_typedef
	.long	264                     @ DW_AT_type
	.long	.Linfo_string57         @ DW_AT_name
	.byte	1                       @ DW_AT_decl_file
	.byte	241                     @ DW_AT_decl_line
	.byte	5                       @ Abbrev [5] 0x362:0xb DW_TAG_typedef
	.long	292                     @ DW_AT_type
	.long	.Linfo_string59         @ DW_AT_name
	.byte	1                       @ DW_AT_decl_file
	.byte	249                     @ DW_AT_decl_line
	.byte	0                       @ End Of Children Mark
.Ldebug_info_end0:
	.section	.debug_ranges,"",%progbits
.Ldebug_ranges0:
	.long	.Lfunc_begin0
	.long	.Lfunc_end0
	.long	.Lfunc_begin1
	.long	.Lfunc_end1
	.long	.Lfunc_begin2
	.long	.Lfunc_end2
	.long	.Lfunc_begin3
	.long	.Lfunc_end3
	.long	.Lfunc_begin4
	.long	.Lfunc_end4
	.long	.Lfunc_begin5
	.long	.Lfunc_end5
	.long	.Lfunc_begin6
	.long	.Lfunc_end6
	.long	.Lfunc_begin7
	.long	.Lfunc_end7
	.long	.Lfunc_begin8
	.long	.Lfunc_end8
	.long	.Lfunc_begin9
	.long	.Lfunc_end9
	.long	.Lfunc_begin10
	.long	.Lfunc_end10
	.long	.Lfunc_begin11
	.long	.Lfunc_end11
	.long	0
	.long	0
	.ident	"Component: ARM Compiler 6.14 Tool: armclang [5db06c00]"
	.section	".note.GNU-stack","",%progbits
	.eabi_attribute	30, 4	@ Tag_ABI_optimization_goals
	.ARM_attribute	16, 1	@ Tag_AV_eba
	.section	.debug_line,"",%progbits
.Lline_table_start0:
