	.text
	.syntax unified
	.eabi_attribute	67, "2.09"	@ Tag_conformance
	.cpu	cortex-m23
	.eabi_attribute	6, 16	@ Tag_CPU_arch
	.eabi_attribute	7, 77	@ Tag_CPU_arch_profile
	.eabi_attribute	8, 0	@ Tag_ARM_ISA_use
	.eabi_attribute	9, 3	@ Tag_THUMB_ISA_use
	.eabi_attribute	34, 0	@ Tag_CPU_unaligned_access
	.eabi_attribute	17, 1	@ Tag_ABI_PCS_GOT_use
	.eabi_attribute	20, 2	@ Tag_ABI_FP_denormal
	.eabi_attribute	21, 0	@ Tag_ABI_FP_exceptions
	.eabi_attribute	23, 1	@ Tag_ABI_FP_number_model
	.eabi_attribute	24, 1	@ Tag_ABI_align_needed
	.eabi_attribute	25, 1	@ Tag_ABI_align_preserved
	.eabi_attribute	38, 1	@ Tag_ABI_FP_16bit_format
	.eabi_attribute	18, 2	@ Tag_ABI_PCS_wchar_t
	.eabi_attribute	26, 1	@ Tag_ABI_enum_size
	.eabi_attribute	14, 0	@ Tag_ABI_PCS_R9_use
	.file	"gd32e23x_pmu.c"
	.file	1 "D:\\ProgramFile\\Keil5\\ARM\\ARMCLANG\\Bin\\..\\include" "stdint.h"
	.file	2 "C:\\Users\\13728\\Desktop\\general igniter\\Project" "../Basic/Source/gd32e23x_pmu.c"
	.file	3 "C:\\Users\\13728\\Desktop\\general igniter\\Project" "../Basic/Include\\gd32e23x_rcu.h"
	.file	4 "C:\\Users\\13728\\Desktop\\general igniter\\Project" "../CMSIS/Include\\gd32e23x.h"
	.file	5 "D:/ProgramFile\\Keil5\\ARM\\CMSIS\\5.7.0\\CMSIS\\Core\\Include" "core_cm23.h"
	.section	.text.pmu_deinit,"ax",%progbits
	.hidden	pmu_deinit              @ -- Begin function pmu_deinit
	.globl	pmu_deinit
	.p2align	2
	.type	pmu_deinit,%function
	.code	16                      @ @pmu_deinit
	.thumb_func
pmu_deinit:
.Lfunc_begin0:
	.loc	2 46 0                  @ ../Basic/Source/gd32e23x_pmu.c:46:0
	.fnstart
	.cfi_sections .debug_frame
	.cfi_startproc
@ %bb.0:
	.save	{r4, lr}
	push	{r4, lr}
	.cfi_def_cfa_offset 8
	.cfi_offset lr, -4
	.cfi_offset r4, -8
	ldr	r4, __arm_cp.0_0
.Ltmp0:
	.loc	2 48 5 prologue_end     @ ../Basic/Source/gd32e23x_pmu.c:48:5
	mov	r0, r4
	bl	rcu_periph_reset_enable
	.loc	2 49 5                  @ ../Basic/Source/gd32e23x_pmu.c:49:5
	mov	r0, r4
	pop	{r4}
	pop	{r1}
	mov	lr, r1
	b	rcu_periph_reset_disable
.Ltmp1:
	.p2align	2
@ %bb.1:
	.loc	2 0 5 is_stmt 0         @ ../Basic/Source/gd32e23x_pmu.c:0:5
__arm_cp.0_0:
	.long	1052                    @ 0x41c
.Lcpi_end0:
	.size	__arm_cp.0_0, .Lcpi_end0-__arm_cp.0_0
.Lfunc_end0:
	.size	pmu_deinit, .Lfunc_end0-pmu_deinit
	.cfi_endproc
	.cantunwind
	.fnend
                                        @ -- End function
	.section	.text.pmu_lvd_select,"ax",%progbits
	.hidden	pmu_lvd_select          @ -- Begin function pmu_lvd_select
	.globl	pmu_lvd_select
	.p2align	2
	.type	pmu_lvd_select,%function
	.code	16                      @ @pmu_lvd_select
	.thumb_func
pmu_lvd_select:
.Lfunc_begin1:
	.loc	2 68 0 is_stmt 1        @ ../Basic/Source/gd32e23x_pmu.c:68:0
	.fnstart
	.cfi_startproc
@ %bb.0:
	@DEBUG_VALUE: pmu_lvd_select:lvdt_n <- $r0
	@DEBUG_VALUE: pmu_lvd_select:lvdt_n <- $r0
	.save	{r4, lr}
	push	{r4, lr}
	.cfi_def_cfa_offset 8
	.cfi_offset lr, -4
	.cfi_offset r4, -8
	ldr	r1, __arm_cp.1_0
.Ltmp2:
	.loc	2 70 13 prologue_end    @ ../Basic/Source/gd32e23x_pmu.c:70:13
	ldr	r2, [r1]
	movs	r3, #16
	bics	r2, r3
	str	r2, [r1]
	.loc	2 72 13                 @ ../Basic/Source/gd32e23x_pmu.c:72:13
	ldr	r2, [r1]
	movs	r4, #224
	bics	r2, r4
	str	r2, [r1]
	.loc	2 74 13                 @ ../Basic/Source/gd32e23x_pmu.c:74:13
	ldr	r2, [r1]
	orrs	r2, r0
	str	r2, [r1]
	.loc	2 76 13                 @ ../Basic/Source/gd32e23x_pmu.c:76:13
	ldr	r0, [r1]
.Ltmp3:
	orrs	r0, r3
	str	r0, [r1]
	.loc	2 77 1                  @ ../Basic/Source/gd32e23x_pmu.c:77:1
	pop	{r4, pc}
.Ltmp4:
	.p2align	2
@ %bb.1:
	.loc	2 0 1 is_stmt 0         @ ../Basic/Source/gd32e23x_pmu.c:0:1
__arm_cp.1_0:
	.long	1073770496              @ 0x40007000
.Lcpi_end1:
	.size	__arm_cp.1_0, .Lcpi_end1-__arm_cp.1_0
.Lfunc_end1:
	.size	pmu_lvd_select, .Lfunc_end1-pmu_lvd_select
	.cfi_endproc
	.cantunwind
	.fnend
                                        @ -- End function
	.section	.text.pmu_ldo_output_select,"ax",%progbits
	.hidden	pmu_ldo_output_select   @ -- Begin function pmu_ldo_output_select
	.globl	pmu_ldo_output_select
	.p2align	2
	.type	pmu_ldo_output_select,%function
	.code	16                      @ @pmu_ldo_output_select
	.thumb_func
pmu_ldo_output_select:
.Lfunc_begin2:
	.loc	2 90 0 is_stmt 1        @ ../Basic/Source/gd32e23x_pmu.c:90:0
	.fnstart
	.cfi_startproc
@ %bb.0:
	@DEBUG_VALUE: pmu_ldo_output_select:ldo_output <- $r0
	@DEBUG_VALUE: pmu_ldo_output_select:ldo_output <- $r0
	ldr	r1, __arm_cp.2_0
.Ltmp5:
	.loc	2 91 13 prologue_end    @ ../Basic/Source/gd32e23x_pmu.c:91:13
	ldr	r2, [r1]
	movw	r3, #49152
	bics	r2, r3
	str	r2, [r1]
	.loc	2 92 13                 @ ../Basic/Source/gd32e23x_pmu.c:92:13
	ldr	r2, [r1]
	orrs	r2, r0
	str	r2, [r1]
	.loc	2 93 1                  @ ../Basic/Source/gd32e23x_pmu.c:93:1
	bx	lr
.Ltmp6:
	.p2align	2
@ %bb.1:
	.loc	2 0 1 is_stmt 0         @ ../Basic/Source/gd32e23x_pmu.c:0:1
__arm_cp.2_0:
	.long	1073770496              @ 0x40007000
.Lcpi_end2:
	.size	__arm_cp.2_0, .Lcpi_end2-__arm_cp.2_0
.Lfunc_end2:
	.size	pmu_ldo_output_select, .Lfunc_end2-pmu_ldo_output_select
	.cfi_endproc
	.cantunwind
	.fnend
                                        @ -- End function
	.section	.text.pmu_lvd_disable,"ax",%progbits
	.hidden	pmu_lvd_disable         @ -- Begin function pmu_lvd_disable
	.globl	pmu_lvd_disable
	.p2align	2
	.type	pmu_lvd_disable,%function
	.code	16                      @ @pmu_lvd_disable
	.thumb_func
pmu_lvd_disable:
.Lfunc_begin3:
	.loc	2 102 0 is_stmt 1       @ ../Basic/Source/gd32e23x_pmu.c:102:0
	.fnstart
	.cfi_startproc
@ %bb.0:
	ldr	r0, __arm_cp.3_0
.Ltmp7:
	.loc	2 104 13 prologue_end   @ ../Basic/Source/gd32e23x_pmu.c:104:13
	ldr	r1, [r0]
	movs	r2, #16
	bics	r1, r2
	str	r1, [r0]
	.loc	2 105 1                 @ ../Basic/Source/gd32e23x_pmu.c:105:1
	bx	lr
.Ltmp8:
	.p2align	2
@ %bb.1:
	.loc	2 0 1 is_stmt 0         @ ../Basic/Source/gd32e23x_pmu.c:0:1
__arm_cp.3_0:
	.long	1073770496              @ 0x40007000
.Lcpi_end3:
	.size	__arm_cp.3_0, .Lcpi_end3-__arm_cp.3_0
.Lfunc_end3:
	.size	pmu_lvd_disable, .Lfunc_end3-pmu_lvd_disable
	.cfi_endproc
	.cantunwind
	.fnend
                                        @ -- End function
	.section	.text.pmu_to_sleepmode,"ax",%progbits
	.hidden	pmu_to_sleepmode        @ -- Begin function pmu_to_sleepmode
	.globl	pmu_to_sleepmode
	.p2align	2
	.type	pmu_to_sleepmode,%function
	.code	16                      @ @pmu_to_sleepmode
	.thumb_func
pmu_to_sleepmode:
.Lfunc_begin4:
	.loc	2 117 0 is_stmt 1       @ ../Basic/Source/gd32e23x_pmu.c:117:0
	.fnstart
	.cfi_startproc
@ %bb.0:
	@DEBUG_VALUE: pmu_to_sleepmode:sleepmodecmd <- $r0
	@DEBUG_VALUE: pmu_to_sleepmode:sleepmodecmd <- $r0
	ldr	r1, __arm_cp.4_0
.Ltmp9:
	.loc	2 119 14 prologue_end   @ ../Basic/Source/gd32e23x_pmu.c:119:14
	ldr	r2, [r1]
	movs	r3, #4
	bics	r2, r3
	str	r2, [r1]
	.loc	2 122 8                 @ ../Basic/Source/gd32e23x_pmu.c:122:8
	cbz	r0, .LBB4_2
.Ltmp10:
@ %bb.1:
	@DEBUG_VALUE: pmu_to_sleepmode:sleepmodecmd <- $r0
	.loc	2 125 9                 @ ../Basic/Source/gd32e23x_pmu.c:125:9
	wfe
.Ltmp11:
	.loc	2 127 1                 @ ../Basic/Source/gd32e23x_pmu.c:127:1
	bx	lr
.Ltmp12:
.LBB4_2:
	@DEBUG_VALUE: pmu_to_sleepmode:sleepmodecmd <- $r0
	.loc	2 123 9                 @ ../Basic/Source/gd32e23x_pmu.c:123:9
	wfi
.Ltmp13:
	.loc	2 127 1                 @ ../Basic/Source/gd32e23x_pmu.c:127:1
	bx	lr
.Ltmp14:
	.p2align	2
@ %bb.3:
	.loc	2 0 1 is_stmt 0         @ ../Basic/Source/gd32e23x_pmu.c:0:1
__arm_cp.4_0:
	.long	3758157072              @ 0xe000ed10
.Lcpi_end4:
	.size	__arm_cp.4_0, .Lcpi_end4-__arm_cp.4_0
.Lfunc_end4:
	.size	pmu_to_sleepmode, .Lfunc_end4-pmu_to_sleepmode
	.cfi_endproc
	.cantunwind
	.fnend
                                        @ -- End function
	.section	.text.pmu_to_deepsleepmode,"ax",%progbits
	.hidden	pmu_to_deepsleepmode    @ -- Begin function pmu_to_deepsleepmode
	.globl	pmu_to_deepsleepmode
	.p2align	2
	.type	pmu_to_deepsleepmode,%function
	.code	16                      @ @pmu_to_deepsleepmode
	.thumb_func
pmu_to_deepsleepmode:
.Lfunc_begin5:
	.loc	2 143 0 is_stmt 1       @ ../Basic/Source/gd32e23x_pmu.c:143:0
	.fnstart
	.cfi_startproc
@ %bb.0:
	@DEBUG_VALUE: pmu_to_deepsleepmode:ldo <- $r0
	@DEBUG_VALUE: pmu_to_deepsleepmode:ldo <- $r0
	@DEBUG_VALUE: pmu_to_deepsleepmode:deepsleepmodecmd <- $r1
	@DEBUG_VALUE: pmu_to_deepsleepmode:deepsleepmodecmd <- $r1
	.save	{r4, r5, r6, r7, lr}
	push	{r4, r5, r6, r7, lr}
	.cfi_def_cfa_offset 20
	.cfi_offset lr, -4
	.cfi_offset r7, -8
	.cfi_offset r6, -12
	.cfi_offset r5, -16
	.cfi_offset r4, -20
	ldr	r2, __arm_cp.5_0
.Ltmp15:
	.loc	2 146 13 prologue_end   @ ../Basic/Source/gd32e23x_pmu.c:146:13
	ldr	r3, [r2]
	movs	r4, #3
	bics	r3, r4
	str	r3, [r2]
	.loc	2 149 13                @ ../Basic/Source/gd32e23x_pmu.c:149:13
	ldr	r3, [r2]
	orrs	r3, r0
	str	r3, [r2]
	ldr	r0, __arm_cp.5_1
.Ltmp16:
	.loc	2 152 14                @ ../Basic/Source/gd32e23x_pmu.c:152:14
	ldr	r3, [r0]
	movs	r2, #4
	orrs	r3, r2
	str	r3, [r0]
	ldr	r5, __arm_cp.5_2
	.loc	2 154 21                @ ../Basic/Source/gd32e23x_pmu.c:154:21
	ldr	r4, [r5]
	.loc	2 154 19 is_stmt 0      @ ../Basic/Source/gd32e23x_pmu.c:154:19
	ldr	r3, __arm_cp.5_3
	str	r4, [r3]
	ldr	r4, __arm_cp.5_4
	.loc	2 155 21 is_stmt 1      @ ../Basic/Source/gd32e23x_pmu.c:155:21
	ldr	r6, [r4]
	.loc	2 155 19 is_stmt 0      @ ../Basic/Source/gd32e23x_pmu.c:155:19
	str	r6, [r3, #4]
	.loc	2 156 21 is_stmt 1      @ ../Basic/Source/gd32e23x_pmu.c:156:21
	ldr	r6, [r4, #4]
	.loc	2 156 19 is_stmt 0      @ ../Basic/Source/gd32e23x_pmu.c:156:19
	str	r6, [r3, #8]
	.loc	2 158 26 is_stmt 1      @ ../Basic/Source/gd32e23x_pmu.c:158:26
	ldr	r6, [r5]
	ldr	r7, __arm_cp.5_5
	ands	r7, r6
	str	r7, [r5]
	ldr	r6, __arm_cp.5_6
	ldr	r7, __arm_cp.5_7
	.loc	2 159 27                @ ../Basic/Source/gd32e23x_pmu.c:159:27
	str	r7, [r6]
	movs	r7, #0
	mvns	r7, r7
	.loc	2 160 27                @ ../Basic/Source/gd32e23x_pmu.c:160:27
	str	r7, [r6, #4]
	.loc	2 163 8                 @ ../Basic/Source/gd32e23x_pmu.c:163:8
	cbz	r1, .LBB5_2
.Ltmp17:
@ %bb.1:
	@DEBUG_VALUE: pmu_to_deepsleepmode:deepsleepmodecmd <- $r1
	.loc	2 166 9                 @ ../Basic/Source/gd32e23x_pmu.c:166:9
	sev
	.loc	2 167 9                 @ ../Basic/Source/gd32e23x_pmu.c:167:9
	wfe
	.loc	2 168 9                 @ ../Basic/Source/gd32e23x_pmu.c:168:9
	wfe
	b	.LBB5_3
.Ltmp18:
.LBB5_2:
	@DEBUG_VALUE: pmu_to_deepsleepmode:deepsleepmodecmd <- $r1
	.loc	2 164 9                 @ ../Basic/Source/gd32e23x_pmu.c:164:9
	wfi
.Ltmp19:
.LBB5_3:
	@DEBUG_VALUE: pmu_to_deepsleepmode:deepsleepmodecmd <- $r1
	.loc	2 171 28                @ ../Basic/Source/gd32e23x_pmu.c:171:28
	ldr	r1, [r3]
.Ltmp20:
	.loc	2 171 26 is_stmt 0      @ ../Basic/Source/gd32e23x_pmu.c:171:26
	str	r1, [r5]
	.loc	2 172 28 is_stmt 1      @ ../Basic/Source/gd32e23x_pmu.c:172:28
	ldr	r1, [r3, #4]
	.loc	2 172 26 is_stmt 0      @ ../Basic/Source/gd32e23x_pmu.c:172:26
	str	r1, [r4]
	.loc	2 173 28 is_stmt 1      @ ../Basic/Source/gd32e23x_pmu.c:173:28
	ldr	r1, [r3, #8]
	.loc	2 173 26 is_stmt 0      @ ../Basic/Source/gd32e23x_pmu.c:173:26
	str	r1, [r4, #4]
	.loc	2 176 14 is_stmt 1      @ ../Basic/Source/gd32e23x_pmu.c:176:14
	ldr	r1, [r0]
	bics	r1, r2
	str	r1, [r0]
	.loc	2 177 1                 @ ../Basic/Source/gd32e23x_pmu.c:177:1
	pop	{r4, r5, r6, r7, pc}
.Ltmp21:
	.p2align	2
@ %bb.4:
	.loc	2 0 1 is_stmt 0         @ ../Basic/Source/gd32e23x_pmu.c:0:1
__arm_cp.5_0:
	.long	1073770496              @ 0x40007000
.Lcpi_end5:
	.size	__arm_cp.5_0, .Lcpi_end5-__arm_cp.5_0
__arm_cp.5_1:
	.long	3758157072              @ 0xe000ed10
.Lcpi_end6:
	.size	__arm_cp.5_1, .Lcpi_end6-__arm_cp.5_1
__arm_cp.5_2:
	.long	3758153744              @ 0xe000e010
.Lcpi_end7:
	.size	__arm_cp.5_2, .Lcpi_end7-__arm_cp.5_2
__arm_cp.5_3:
	.long	.L_MergedGlobals
.Lcpi_end8:
	.size	__arm_cp.5_3, .Lcpi_end8-__arm_cp.5_3
__arm_cp.5_4:
	.long	3758153984              @ 0xe000e100
.Lcpi_end9:
	.size	__arm_cp.5_4, .Lcpi_end9-__arm_cp.5_4
__arm_cp.5_5:
	.long	65540                   @ 0x10004
.Lcpi_end10:
	.size	__arm_cp.5_5, .Lcpi_end10-__arm_cp.5_5
__arm_cp.5_6:
	.long	3758154112              @ 0xe000e180
.Lcpi_end11:
	.size	__arm_cp.5_6, .Lcpi_end11-__arm_cp.5_6
__arm_cp.5_7:
	.long	4160745241              @ 0xf7ffef19
.Lcpi_end12:
	.size	__arm_cp.5_7, .Lcpi_end12-__arm_cp.5_7
.Lfunc_end5:
	.size	pmu_to_deepsleepmode, .Lfunc_end5-pmu_to_deepsleepmode
	.cfi_endproc
	.cantunwind
	.fnend
                                        @ -- End function
	.section	.text.pmu_to_standbymode,"ax",%progbits
	.hidden	pmu_to_standbymode      @ -- Begin function pmu_to_standbymode
	.globl	pmu_to_standbymode
	.p2align	2
	.type	pmu_to_standbymode,%function
	.code	16                      @ @pmu_to_standbymode
	.thumb_func
pmu_to_standbymode:
.Lfunc_begin6:
	.loc	2 189 0 is_stmt 1       @ ../Basic/Source/gd32e23x_pmu.c:189:0
	.fnstart
	.cfi_startproc
@ %bb.0:
	@DEBUG_VALUE: pmu_to_standbymode:standbymodecmd <- $r0
	@DEBUG_VALUE: pmu_to_standbymode:standbymodecmd <- $r0
	.save	{r4, lr}
	push	{r4, lr}
	.cfi_def_cfa_offset 8
	.cfi_offset lr, -4
	.cfi_offset r4, -8
	ldr	r1, __arm_cp.6_0
.Ltmp22:
	.loc	2 191 14 prologue_end   @ ../Basic/Source/gd32e23x_pmu.c:191:14
	ldr	r2, [r1, #4]
	movs	r3, #3
	bics	r2, r3
	str	r2, [r1, #4]
	movs	r2, #1
	lsls	r2, r2, #16
	.loc	2 192 14                @ ../Basic/Source/gd32e23x_pmu.c:192:14
	ldr	r3, [r1]
	bics	r3, r2
	str	r3, [r1]
	ldr	r1, __arm_cp.6_1
	.loc	2 195 14                @ ../Basic/Source/gd32e23x_pmu.c:195:14
	ldr	r2, [r1]
	movs	r3, #4
	orrs	r2, r3
	str	r2, [r1]
	ldr	r1, __arm_cp.6_2
	.loc	2 198 13                @ ../Basic/Source/gd32e23x_pmu.c:198:13
	ldr	r2, [r1]
	movs	r4, #2
	orrs	r4, r2
	str	r4, [r1]
	.loc	2 201 13                @ ../Basic/Source/gd32e23x_pmu.c:201:13
	ldr	r2, [r1]
	orrs	r2, r3
	str	r2, [r1]
	.loc	2 204 8                 @ ../Basic/Source/gd32e23x_pmu.c:204:8
	cbz	r0, .LBB6_2
.Ltmp23:
@ %bb.1:
	@DEBUG_VALUE: pmu_to_standbymode:standbymodecmd <- $r0
	.loc	2 207 9                 @ ../Basic/Source/gd32e23x_pmu.c:207:9
	wfe
.Ltmp24:
	.loc	2 209 1                 @ ../Basic/Source/gd32e23x_pmu.c:209:1
	pop	{r4, pc}
.Ltmp25:
.LBB6_2:
	@DEBUG_VALUE: pmu_to_standbymode:standbymodecmd <- $r0
	.loc	2 205 9                 @ ../Basic/Source/gd32e23x_pmu.c:205:9
	wfi
.Ltmp26:
	.loc	2 209 1                 @ ../Basic/Source/gd32e23x_pmu.c:209:1
	pop	{r4, pc}
.Ltmp27:
	.p2align	2
@ %bb.3:
	.loc	2 0 1 is_stmt 0         @ ../Basic/Source/gd32e23x_pmu.c:0:1
__arm_cp.6_0:
	.long	1073876992              @ 0x40021000
.Lcpi_end13:
	.size	__arm_cp.6_0, .Lcpi_end13-__arm_cp.6_0
__arm_cp.6_1:
	.long	3758157072              @ 0xe000ed10
.Lcpi_end14:
	.size	__arm_cp.6_1, .Lcpi_end14-__arm_cp.6_1
__arm_cp.6_2:
	.long	1073770496              @ 0x40007000
.Lcpi_end15:
	.size	__arm_cp.6_2, .Lcpi_end15-__arm_cp.6_2
.Lfunc_end6:
	.size	pmu_to_standbymode, .Lfunc_end6-pmu_to_standbymode
	.cfi_endproc
	.cantunwind
	.fnend
                                        @ -- End function
	.section	.text.pmu_wakeup_pin_enable,"ax",%progbits
	.hidden	pmu_wakeup_pin_enable   @ -- Begin function pmu_wakeup_pin_enable
	.globl	pmu_wakeup_pin_enable
	.p2align	2
	.type	pmu_wakeup_pin_enable,%function
	.code	16                      @ @pmu_wakeup_pin_enable
	.thumb_func
pmu_wakeup_pin_enable:
.Lfunc_begin7:
	.loc	2 223 0 is_stmt 1       @ ../Basic/Source/gd32e23x_pmu.c:223:0
	.fnstart
	.cfi_startproc
@ %bb.0:
	@DEBUG_VALUE: pmu_wakeup_pin_enable:wakeup_pin <- $r0
	@DEBUG_VALUE: pmu_wakeup_pin_enable:wakeup_pin <- $r0
	ldr	r1, __arm_cp.7_0
.Ltmp28:
	.loc	2 224 12 prologue_end   @ ../Basic/Source/gd32e23x_pmu.c:224:12
	ldr	r2, [r1]
	orrs	r2, r0
	str	r2, [r1]
	.loc	2 225 1                 @ ../Basic/Source/gd32e23x_pmu.c:225:1
	bx	lr
.Ltmp29:
	.p2align	2
@ %bb.1:
	.loc	2 0 1 is_stmt 0         @ ../Basic/Source/gd32e23x_pmu.c:0:1
__arm_cp.7_0:
	.long	1073770500              @ 0x40007004
.Lcpi_end16:
	.size	__arm_cp.7_0, .Lcpi_end16-__arm_cp.7_0
.Lfunc_end7:
	.size	pmu_wakeup_pin_enable, .Lfunc_end7-pmu_wakeup_pin_enable
	.cfi_endproc
	.cantunwind
	.fnend
                                        @ -- End function
	.section	.text.pmu_wakeup_pin_disable,"ax",%progbits
	.hidden	pmu_wakeup_pin_disable  @ -- Begin function pmu_wakeup_pin_disable
	.globl	pmu_wakeup_pin_disable
	.p2align	2
	.type	pmu_wakeup_pin_disable,%function
	.code	16                      @ @pmu_wakeup_pin_disable
	.thumb_func
pmu_wakeup_pin_disable:
.Lfunc_begin8:
	.loc	2 239 0 is_stmt 1       @ ../Basic/Source/gd32e23x_pmu.c:239:0
	.fnstart
	.cfi_startproc
@ %bb.0:
	@DEBUG_VALUE: pmu_wakeup_pin_disable:wakeup_pin <- $r0
	@DEBUG_VALUE: pmu_wakeup_pin_disable:wakeup_pin <- $r0
	ldr	r1, __arm_cp.8_0
.Ltmp30:
	.loc	2 240 12 prologue_end   @ ../Basic/Source/gd32e23x_pmu.c:240:12
	ldr	r2, [r1]
	bics	r2, r0
	str	r2, [r1]
	.loc	2 241 1                 @ ../Basic/Source/gd32e23x_pmu.c:241:1
	bx	lr
.Ltmp31:
	.p2align	2
@ %bb.1:
	.loc	2 0 1 is_stmt 0         @ ../Basic/Source/gd32e23x_pmu.c:0:1
__arm_cp.8_0:
	.long	1073770500              @ 0x40007004
.Lcpi_end17:
	.size	__arm_cp.8_0, .Lcpi_end17-__arm_cp.8_0
.Lfunc_end8:
	.size	pmu_wakeup_pin_disable, .Lfunc_end8-pmu_wakeup_pin_disable
	.cfi_endproc
	.cantunwind
	.fnend
                                        @ -- End function
	.section	.text.pmu_backup_write_enable,"ax",%progbits
	.hidden	pmu_backup_write_enable @ -- Begin function pmu_backup_write_enable
	.globl	pmu_backup_write_enable
	.p2align	2
	.type	pmu_backup_write_enable,%function
	.code	16                      @ @pmu_backup_write_enable
	.thumb_func
pmu_backup_write_enable:
.Lfunc_begin9:
	.loc	2 250 0 is_stmt 1       @ ../Basic/Source/gd32e23x_pmu.c:250:0
	.fnstart
	.cfi_startproc
@ %bb.0:
	ldr	r0, __arm_cp.9_0
.Ltmp32:
	.loc	2 251 13 prologue_end   @ ../Basic/Source/gd32e23x_pmu.c:251:13
	ldr	r1, [r0]
	movw	r2, #256
	orrs	r2, r1
	str	r2, [r0]
	.loc	2 252 1                 @ ../Basic/Source/gd32e23x_pmu.c:252:1
	bx	lr
.Ltmp33:
	.p2align	2
@ %bb.1:
	.loc	2 0 1 is_stmt 0         @ ../Basic/Source/gd32e23x_pmu.c:0:1
__arm_cp.9_0:
	.long	1073770496              @ 0x40007000
.Lcpi_end18:
	.size	__arm_cp.9_0, .Lcpi_end18-__arm_cp.9_0
.Lfunc_end9:
	.size	pmu_backup_write_enable, .Lfunc_end9-pmu_backup_write_enable
	.cfi_endproc
	.cantunwind
	.fnend
                                        @ -- End function
	.section	.text.pmu_backup_write_disable,"ax",%progbits
	.hidden	pmu_backup_write_disable @ -- Begin function pmu_backup_write_disable
	.globl	pmu_backup_write_disable
	.p2align	2
	.type	pmu_backup_write_disable,%function
	.code	16                      @ @pmu_backup_write_disable
	.thumb_func
pmu_backup_write_disable:
.Lfunc_begin10:
	.loc	2 261 0 is_stmt 1       @ ../Basic/Source/gd32e23x_pmu.c:261:0
	.fnstart
	.cfi_startproc
@ %bb.0:
	ldr	r0, __arm_cp.10_0
.Ltmp34:
	.loc	2 262 13 prologue_end   @ ../Basic/Source/gd32e23x_pmu.c:262:13
	ldr	r1, [r0]
	movw	r2, #256
	bics	r1, r2
	str	r1, [r0]
	.loc	2 263 1                 @ ../Basic/Source/gd32e23x_pmu.c:263:1
	bx	lr
.Ltmp35:
	.p2align	2
@ %bb.1:
	.loc	2 0 1 is_stmt 0         @ ../Basic/Source/gd32e23x_pmu.c:0:1
__arm_cp.10_0:
	.long	1073770496              @ 0x40007000
.Lcpi_end19:
	.size	__arm_cp.10_0, .Lcpi_end19-__arm_cp.10_0
.Lfunc_end10:
	.size	pmu_backup_write_disable, .Lfunc_end10-pmu_backup_write_disable
	.cfi_endproc
	.cantunwind
	.fnend
                                        @ -- End function
	.section	.text.pmu_flag_clear,"ax",%progbits
	.hidden	pmu_flag_clear          @ -- Begin function pmu_flag_clear
	.globl	pmu_flag_clear
	.p2align	2
	.type	pmu_flag_clear,%function
	.code	16                      @ @pmu_flag_clear
	.thumb_func
pmu_flag_clear:
.Lfunc_begin11:
	.loc	2 275 0 is_stmt 1       @ ../Basic/Source/gd32e23x_pmu.c:275:0
	.fnstart
	.cfi_startproc
@ %bb.0:
	@DEBUG_VALUE: pmu_flag_clear:flag_clear <- $r0
	@DEBUG_VALUE: pmu_flag_clear:flag_clear <- $r0
	.loc	2 276 8 prologue_end    @ ../Basic/Source/gd32e23x_pmu.c:276:8
	lsls	r1, r0, #29
	ldr	r1, __arm_cp.11_0
	bpl	.LBB11_2
.Ltmp36:
@ %bb.1:
	@DEBUG_VALUE: pmu_flag_clear:flag_clear <- $r0
	.loc	2 278 17                @ ../Basic/Source/gd32e23x_pmu.c:278:17
	ldr	r2, [r1]
	movs	r3, #4
	orrs	r3, r2
	str	r3, [r1]
.Ltmp37:
.LBB11_2:
	@DEBUG_VALUE: pmu_flag_clear:flag_clear <- $r0
	.loc	2 280 8                 @ ../Basic/Source/gd32e23x_pmu.c:280:8
	lsls	r0, r0, #28
.Ltmp38:
	bpl	.LBB11_4
@ %bb.3:
.Ltmp39:
	.loc	2 282 17                @ ../Basic/Source/gd32e23x_pmu.c:282:17
	ldr	r0, [r1]
	movs	r2, #8
	orrs	r2, r0
	str	r2, [r1]
.Ltmp40:
.LBB11_4:
	.loc	2 284 1                 @ ../Basic/Source/gd32e23x_pmu.c:284:1
	bx	lr
.Ltmp41:
	.p2align	2
@ %bb.5:
	.loc	2 0 1 is_stmt 0         @ ../Basic/Source/gd32e23x_pmu.c:0:1
__arm_cp.11_0:
	.long	1073770496              @ 0x40007000
.Lcpi_end20:
	.size	__arm_cp.11_0, .Lcpi_end20-__arm_cp.11_0
.Lfunc_end11:
	.size	pmu_flag_clear, .Lfunc_end11-pmu_flag_clear
	.cfi_endproc
	.cantunwind
	.fnend
                                        @ -- End function
	.section	.text.pmu_flag_get,"ax",%progbits
	.hidden	pmu_flag_get            @ -- Begin function pmu_flag_get
	.globl	pmu_flag_get
	.p2align	2
	.type	pmu_flag_get,%function
	.code	16                      @ @pmu_flag_get
	.thumb_func
pmu_flag_get:
.Lfunc_begin12:
	.loc	2 297 0 is_stmt 1       @ ../Basic/Source/gd32e23x_pmu.c:297:0
	.fnstart
	.cfi_startproc
@ %bb.0:
	@DEBUG_VALUE: pmu_flag_get:flag <- $r0
	@DEBUG_VALUE: pmu_flag_get:flag <- $r0
	@DEBUG_VALUE: pmu_flag_get:ret_status <- 0
	ldr	r1, __arm_cp.12_0
.Ltmp42:
	.loc	2 300 8 prologue_end    @ ../Basic/Source/gd32e23x_pmu.c:300:8
	ldr	r1, [r1]
	.loc	2 300 15 is_stmt 0      @ ../Basic/Source/gd32e23x_pmu.c:300:15
	ands	r1, r0
	subs	r0, r1, #1
.Ltmp43:
	sbcs	r1, r0
.Ltmp44:
	@DEBUG_VALUE: pmu_flag_get:ret_status <- undef
	.loc	2 304 5 is_stmt 1       @ ../Basic/Source/gd32e23x_pmu.c:304:5
	mov	r0, r1
	bx	lr
.Ltmp45:
	.p2align	2
@ %bb.1:
	.loc	2 0 5 is_stmt 0         @ ../Basic/Source/gd32e23x_pmu.c:0:5
__arm_cp.12_0:
	.long	1073770500              @ 0x40007004
.Lcpi_end21:
	.size	__arm_cp.12_0, .Lcpi_end21-__arm_cp.12_0
.Lfunc_end12:
	.size	pmu_flag_get, .Lfunc_end12-pmu_flag_get
	.cfi_endproc
	.cantunwind
	.fnend
                                        @ -- End function
	.type	.L_MergedGlobals,%object @ @_MergedGlobals
	.section	.bss..L_MergedGlobals,"aw",%nobits
	.p2align	2
.L_MergedGlobals:
	.zero	12
	.size	.L_MergedGlobals, 12

	.section	.debug_str,"MS",%progbits,1
.Linfo_string0:
	.asciz	"Component: ARM Compiler 6.14 Tool: armclang [5db06c00]" @ string offset=0
.Linfo_string1:
	.asciz	"../Basic/Source\\gd32e23x_pmu.c" @ string offset=55
.Linfo_string2:
	.asciz	"C:\\Users\\13728\\Desktop\\general igniter\\Project" @ string offset=86
.Linfo_string3:
	.asciz	"reg_snap"              @ string offset=133
.Linfo_string4:
	.asciz	"unsigned int"          @ string offset=142
.Linfo_string5:
	.asciz	"uint32_t"              @ string offset=155
.Linfo_string6:
	.asciz	"__ARRAY_SIZE_TYPE__"   @ string offset=164
.Linfo_string7:
	.asciz	"unsigned short"        @ string offset=184
.Linfo_string8:
	.asciz	"RCU_GPIOARST"          @ string offset=199
.Linfo_string9:
	.asciz	"RCU_GPIOBRST"          @ string offset=212
.Linfo_string10:
	.asciz	"RCU_GPIOCRST"          @ string offset=225
.Linfo_string11:
	.asciz	"RCU_GPIOFRST"          @ string offset=238
.Linfo_string12:
	.asciz	"RCU_CFGCMPRST"         @ string offset=251
.Linfo_string13:
	.asciz	"RCU_ADCRST"            @ string offset=265
.Linfo_string14:
	.asciz	"RCU_TIMER0RST"         @ string offset=276
.Linfo_string15:
	.asciz	"RCU_SPI0RST"           @ string offset=290
.Linfo_string16:
	.asciz	"RCU_USART0RST"         @ string offset=302
.Linfo_string17:
	.asciz	"RCU_TIMER14RST"        @ string offset=316
.Linfo_string18:
	.asciz	"RCU_TIMER15RST"        @ string offset=331
.Linfo_string19:
	.asciz	"RCU_TIMER16RST"        @ string offset=346
.Linfo_string20:
	.asciz	"RCU_TIMER2RST"         @ string offset=361
.Linfo_string21:
	.asciz	"RCU_TIMER5RST"         @ string offset=375
.Linfo_string22:
	.asciz	"RCU_TIMER13RST"        @ string offset=389
.Linfo_string23:
	.asciz	"RCU_WWDGTRST"          @ string offset=404
.Linfo_string24:
	.asciz	"RCU_SPI1RST"           @ string offset=417
.Linfo_string25:
	.asciz	"RCU_USART1RST"         @ string offset=429
.Linfo_string26:
	.asciz	"RCU_I2C0RST"           @ string offset=443
.Linfo_string27:
	.asciz	"RCU_I2C1RST"           @ string offset=455
.Linfo_string28:
	.asciz	"RCU_PMURST"            @ string offset=467
.Linfo_string29:
	.asciz	"unsigned char"         @ string offset=478
.Linfo_string30:
	.asciz	"RESET"                 @ string offset=492
.Linfo_string31:
	.asciz	"SET"                   @ string offset=498
.Linfo_string32:
	.asciz	"CPUID"                 @ string offset=502
.Linfo_string33:
	.asciz	"ICSR"                  @ string offset=508
.Linfo_string34:
	.asciz	"VTOR"                  @ string offset=513
.Linfo_string35:
	.asciz	"AIRCR"                 @ string offset=518
.Linfo_string36:
	.asciz	"SCR"                   @ string offset=524
.Linfo_string37:
	.asciz	"CCR"                   @ string offset=528
.Linfo_string38:
	.asciz	"RESERVED1"             @ string offset=532
.Linfo_string39:
	.asciz	"SHPR"                  @ string offset=542
.Linfo_string40:
	.asciz	"SHCSR"                 @ string offset=547
.Linfo_string41:
	.asciz	"SCB_Type"              @ string offset=553
.Linfo_string42:
	.asciz	"uint8_t"               @ string offset=562
.Linfo_string43:
	.asciz	"pmu_deinit"            @ string offset=570
.Linfo_string44:
	.asciz	"pmu_lvd_select"        @ string offset=581
.Linfo_string45:
	.asciz	"pmu_ldo_output_select" @ string offset=596
.Linfo_string46:
	.asciz	"pmu_lvd_disable"       @ string offset=618
.Linfo_string47:
	.asciz	"pmu_to_sleepmode"      @ string offset=634
.Linfo_string48:
	.asciz	"pmu_to_deepsleepmode"  @ string offset=651
.Linfo_string49:
	.asciz	"pmu_to_standbymode"    @ string offset=672
.Linfo_string50:
	.asciz	"pmu_wakeup_pin_enable" @ string offset=691
.Linfo_string51:
	.asciz	"pmu_wakeup_pin_disable" @ string offset=713
.Linfo_string52:
	.asciz	"pmu_backup_write_enable" @ string offset=736
.Linfo_string53:
	.asciz	"pmu_backup_write_disable" @ string offset=760
.Linfo_string54:
	.asciz	"pmu_flag_clear"        @ string offset=785
.Linfo_string55:
	.asciz	"pmu_flag_get"          @ string offset=800
.Linfo_string56:
	.asciz	"FlagStatus"            @ string offset=813
.Linfo_string57:
	.asciz	"lvdt_n"                @ string offset=824
.Linfo_string58:
	.asciz	"ldo_output"            @ string offset=831
.Linfo_string59:
	.asciz	"sleepmodecmd"          @ string offset=842
.Linfo_string60:
	.asciz	"ldo"                   @ string offset=855
.Linfo_string61:
	.asciz	"deepsleepmodecmd"      @ string offset=859
.Linfo_string62:
	.asciz	"standbymodecmd"        @ string offset=876
.Linfo_string63:
	.asciz	"wakeup_pin"            @ string offset=891
.Linfo_string64:
	.asciz	"flag_clear"            @ string offset=902
.Linfo_string65:
	.asciz	"flag"                  @ string offset=913
.Linfo_string66:
	.asciz	"ret_status"            @ string offset=918
	.section	.debug_loc,"",%progbits
.Ldebug_loc0:
	.long	-1
	.long	.Lfunc_begin1           @   base address
	.long	.Lfunc_begin1-.Lfunc_begin1
	.long	.Ltmp3-.Lfunc_begin1
	.short	1                       @ Loc expr size
	.byte	80                      @ DW_OP_reg0
	.long	0
	.long	0
.Ldebug_loc1:
	.long	-1
	.long	.Lfunc_begin2           @   base address
	.long	.Lfunc_begin2-.Lfunc_begin2
	.long	.Ltmp6-.Lfunc_begin2
	.short	1                       @ Loc expr size
	.byte	80                      @ DW_OP_reg0
	.long	0
	.long	0
.Ldebug_loc2:
	.long	-1
	.long	.Lfunc_begin4           @   base address
	.long	.Lfunc_begin4-.Lfunc_begin4
	.long	.Ltmp14-.Lfunc_begin4
	.short	1                       @ Loc expr size
	.byte	80                      @ DW_OP_reg0
	.long	0
	.long	0
.Ldebug_loc3:
	.long	-1
	.long	.Lfunc_begin5           @   base address
	.long	.Lfunc_begin5-.Lfunc_begin5
	.long	.Ltmp16-.Lfunc_begin5
	.short	1                       @ Loc expr size
	.byte	80                      @ DW_OP_reg0
	.long	0
	.long	0
.Ldebug_loc4:
	.long	-1
	.long	.Lfunc_begin5           @   base address
	.long	.Lfunc_begin5-.Lfunc_begin5
	.long	.Ltmp20-.Lfunc_begin5
	.short	1                       @ Loc expr size
	.byte	81                      @ DW_OP_reg1
	.long	0
	.long	0
.Ldebug_loc5:
	.long	-1
	.long	.Lfunc_begin6           @   base address
	.long	.Lfunc_begin6-.Lfunc_begin6
	.long	.Ltmp27-.Lfunc_begin6
	.short	1                       @ Loc expr size
	.byte	80                      @ DW_OP_reg0
	.long	0
	.long	0
.Ldebug_loc6:
	.long	-1
	.long	.Lfunc_begin7           @   base address
	.long	.Lfunc_begin7-.Lfunc_begin7
	.long	.Ltmp29-.Lfunc_begin7
	.short	1                       @ Loc expr size
	.byte	80                      @ DW_OP_reg0
	.long	0
	.long	0
.Ldebug_loc7:
	.long	-1
	.long	.Lfunc_begin8           @   base address
	.long	.Lfunc_begin8-.Lfunc_begin8
	.long	.Ltmp31-.Lfunc_begin8
	.short	1                       @ Loc expr size
	.byte	80                      @ DW_OP_reg0
	.long	0
	.long	0
.Ldebug_loc8:
	.long	-1
	.long	.Lfunc_begin11          @   base address
	.long	.Lfunc_begin11-.Lfunc_begin11
	.long	.Ltmp38-.Lfunc_begin11
	.short	1                       @ Loc expr size
	.byte	80                      @ DW_OP_reg0
	.long	0
	.long	0
.Ldebug_loc9:
	.long	-1
	.long	.Lfunc_begin12          @   base address
	.long	.Lfunc_begin12-.Lfunc_begin12
	.long	.Ltmp43-.Lfunc_begin12
	.short	1                       @ Loc expr size
	.byte	80                      @ DW_OP_reg0
	.long	0
	.long	0
.Ldebug_loc10:
	.long	-1
	.long	.Lfunc_begin12          @   base address
	.long	.Lfunc_begin12-.Lfunc_begin12
	.long	.Ltmp44-.Lfunc_begin12
	.short	1                       @ Loc expr size
	.byte	48                      @ DW_OP_lit0
	.long	0
	.long	0
	.section	.debug_abbrev,"",%progbits
	.byte	1                       @ Abbreviation Code
	.byte	17                      @ DW_TAG_compile_unit
	.byte	1                       @ DW_CHILDREN_yes
	.byte	37                      @ DW_AT_producer
	.byte	14                      @ DW_FORM_strp
	.byte	19                      @ DW_AT_language
	.byte	5                       @ DW_FORM_data2
	.byte	3                       @ DW_AT_name
	.byte	14                      @ DW_FORM_strp
	.byte	16                      @ DW_AT_stmt_list
	.byte	6                       @ DW_FORM_data4
	.byte	27                      @ DW_AT_comp_dir
	.byte	14                      @ DW_FORM_strp
	.byte	17                      @ DW_AT_low_pc
	.byte	1                       @ DW_FORM_addr
	.byte	85                      @ DW_AT_ranges
	.byte	6                       @ DW_FORM_data4
	.byte	0                       @ EOM(1)
	.byte	0                       @ EOM(2)
	.byte	2                       @ Abbreviation Code
	.byte	46                      @ DW_TAG_subprogram
	.byte	1                       @ DW_CHILDREN_yes
	.byte	17                      @ DW_AT_low_pc
	.byte	1                       @ DW_FORM_addr
	.byte	18                      @ DW_AT_high_pc
	.byte	1                       @ DW_FORM_addr
	.byte	64                      @ DW_AT_frame_base
	.byte	10                      @ DW_FORM_block1
	.byte	3                       @ DW_AT_name
	.byte	14                      @ DW_FORM_strp
	.byte	58                      @ DW_AT_decl_file
	.byte	11                      @ DW_FORM_data1
	.byte	59                      @ DW_AT_decl_line
	.byte	11                      @ DW_FORM_data1
	.byte	39                      @ DW_AT_prototyped
	.byte	12                      @ DW_FORM_flag
	.byte	63                      @ DW_AT_external
	.byte	12                      @ DW_FORM_flag
	.byte	0                       @ EOM(1)
	.byte	0                       @ EOM(2)
	.byte	3                       @ Abbreviation Code
	.byte	52                      @ DW_TAG_variable
	.byte	0                       @ DW_CHILDREN_no
	.byte	3                       @ DW_AT_name
	.byte	14                      @ DW_FORM_strp
	.byte	73                      @ DW_AT_type
	.byte	19                      @ DW_FORM_ref4
	.byte	58                      @ DW_AT_decl_file
	.byte	11                      @ DW_FORM_data1
	.byte	59                      @ DW_AT_decl_line
	.byte	11                      @ DW_FORM_data1
	.byte	2                       @ DW_AT_location
	.byte	10                      @ DW_FORM_block1
	.byte	0                       @ EOM(1)
	.byte	0                       @ EOM(2)
	.byte	4                       @ Abbreviation Code
	.byte	5                       @ DW_TAG_formal_parameter
	.byte	0                       @ DW_CHILDREN_no
	.byte	2                       @ DW_AT_location
	.byte	6                       @ DW_FORM_data4
	.byte	3                       @ DW_AT_name
	.byte	14                      @ DW_FORM_strp
	.byte	58                      @ DW_AT_decl_file
	.byte	11                      @ DW_FORM_data1
	.byte	59                      @ DW_AT_decl_line
	.byte	11                      @ DW_FORM_data1
	.byte	73                      @ DW_AT_type
	.byte	19                      @ DW_FORM_ref4
	.byte	0                       @ EOM(1)
	.byte	0                       @ EOM(2)
	.byte	5                       @ Abbreviation Code
	.byte	1                       @ DW_TAG_array_type
	.byte	1                       @ DW_CHILDREN_yes
	.byte	73                      @ DW_AT_type
	.byte	19                      @ DW_FORM_ref4
	.byte	0                       @ EOM(1)
	.byte	0                       @ EOM(2)
	.byte	6                       @ Abbreviation Code
	.byte	33                      @ DW_TAG_subrange_type
	.byte	0                       @ DW_CHILDREN_no
	.byte	73                      @ DW_AT_type
	.byte	19                      @ DW_FORM_ref4
	.byte	55                      @ DW_AT_count
	.byte	11                      @ DW_FORM_data1
	.byte	0                       @ EOM(1)
	.byte	0                       @ EOM(2)
	.byte	7                       @ Abbreviation Code
	.byte	22                      @ DW_TAG_typedef
	.byte	0                       @ DW_CHILDREN_no
	.byte	73                      @ DW_AT_type
	.byte	19                      @ DW_FORM_ref4
	.byte	3                       @ DW_AT_name
	.byte	14                      @ DW_FORM_strp
	.byte	58                      @ DW_AT_decl_file
	.byte	11                      @ DW_FORM_data1
	.byte	59                      @ DW_AT_decl_line
	.byte	11                      @ DW_FORM_data1
	.byte	0                       @ EOM(1)
	.byte	0                       @ EOM(2)
	.byte	8                       @ Abbreviation Code
	.byte	36                      @ DW_TAG_base_type
	.byte	0                       @ DW_CHILDREN_no
	.byte	3                       @ DW_AT_name
	.byte	14                      @ DW_FORM_strp
	.byte	62                      @ DW_AT_encoding
	.byte	11                      @ DW_FORM_data1
	.byte	11                      @ DW_AT_byte_size
	.byte	11                      @ DW_FORM_data1
	.byte	0                       @ EOM(1)
	.byte	0                       @ EOM(2)
	.byte	9                       @ Abbreviation Code
	.byte	36                      @ DW_TAG_base_type
	.byte	0                       @ DW_CHILDREN_no
	.byte	3                       @ DW_AT_name
	.byte	14                      @ DW_FORM_strp
	.byte	11                      @ DW_AT_byte_size
	.byte	11                      @ DW_FORM_data1
	.byte	62                      @ DW_AT_encoding
	.byte	11                      @ DW_FORM_data1
	.byte	0                       @ EOM(1)
	.byte	0                       @ EOM(2)
	.byte	10                      @ Abbreviation Code
	.byte	4                       @ DW_TAG_enumeration_type
	.byte	1                       @ DW_CHILDREN_yes
	.byte	73                      @ DW_AT_type
	.byte	19                      @ DW_FORM_ref4
	.byte	11                      @ DW_AT_byte_size
	.byte	11                      @ DW_FORM_data1
	.byte	58                      @ DW_AT_decl_file
	.byte	11                      @ DW_FORM_data1
	.byte	59                      @ DW_AT_decl_line
	.byte	5                       @ DW_FORM_data2
	.byte	0                       @ EOM(1)
	.byte	0                       @ EOM(2)
	.byte	11                      @ Abbreviation Code
	.byte	40                      @ DW_TAG_enumerator
	.byte	0                       @ DW_CHILDREN_no
	.byte	3                       @ DW_AT_name
	.byte	14                      @ DW_FORM_strp
	.byte	28                      @ DW_AT_const_value
	.byte	15                      @ DW_FORM_udata
	.byte	0                       @ EOM(1)
	.byte	0                       @ EOM(2)
	.byte	12                      @ Abbreviation Code
	.byte	4                       @ DW_TAG_enumeration_type
	.byte	1                       @ DW_CHILDREN_yes
	.byte	73                      @ DW_AT_type
	.byte	19                      @ DW_FORM_ref4
	.byte	11                      @ DW_AT_byte_size
	.byte	11                      @ DW_FORM_data1
	.byte	58                      @ DW_AT_decl_file
	.byte	11                      @ DW_FORM_data1
	.byte	59                      @ DW_AT_decl_line
	.byte	11                      @ DW_FORM_data1
	.byte	0                       @ EOM(1)
	.byte	0                       @ EOM(2)
	.byte	13                      @ Abbreviation Code
	.byte	15                      @ DW_TAG_pointer_type
	.byte	0                       @ DW_CHILDREN_no
	.byte	73                      @ DW_AT_type
	.byte	19                      @ DW_FORM_ref4
	.byte	0                       @ EOM(1)
	.byte	0                       @ EOM(2)
	.byte	14                      @ Abbreviation Code
	.byte	53                      @ DW_TAG_volatile_type
	.byte	0                       @ DW_CHILDREN_no
	.byte	73                      @ DW_AT_type
	.byte	19                      @ DW_FORM_ref4
	.byte	0                       @ EOM(1)
	.byte	0                       @ EOM(2)
	.byte	15                      @ Abbreviation Code
	.byte	22                      @ DW_TAG_typedef
	.byte	0                       @ DW_CHILDREN_no
	.byte	73                      @ DW_AT_type
	.byte	19                      @ DW_FORM_ref4
	.byte	3                       @ DW_AT_name
	.byte	14                      @ DW_FORM_strp
	.byte	58                      @ DW_AT_decl_file
	.byte	11                      @ DW_FORM_data1
	.byte	59                      @ DW_AT_decl_line
	.byte	5                       @ DW_FORM_data2
	.byte	0                       @ EOM(1)
	.byte	0                       @ EOM(2)
	.byte	16                      @ Abbreviation Code
	.byte	19                      @ DW_TAG_structure_type
	.byte	1                       @ DW_CHILDREN_yes
	.byte	11                      @ DW_AT_byte_size
	.byte	11                      @ DW_FORM_data1
	.byte	58                      @ DW_AT_decl_file
	.byte	11                      @ DW_FORM_data1
	.byte	59                      @ DW_AT_decl_line
	.byte	5                       @ DW_FORM_data2
	.byte	0                       @ EOM(1)
	.byte	0                       @ EOM(2)
	.byte	17                      @ Abbreviation Code
	.byte	13                      @ DW_TAG_member
	.byte	0                       @ DW_CHILDREN_no
	.byte	3                       @ DW_AT_name
	.byte	14                      @ DW_FORM_strp
	.byte	73                      @ DW_AT_type
	.byte	19                      @ DW_FORM_ref4
	.byte	58                      @ DW_AT_decl_file
	.byte	11                      @ DW_FORM_data1
	.byte	59                      @ DW_AT_decl_line
	.byte	5                       @ DW_FORM_data2
	.byte	56                      @ DW_AT_data_member_location
	.byte	11                      @ DW_FORM_data1
	.byte	0                       @ EOM(1)
	.byte	0                       @ EOM(2)
	.byte	18                      @ Abbreviation Code
	.byte	38                      @ DW_TAG_const_type
	.byte	0                       @ DW_CHILDREN_no
	.byte	73                      @ DW_AT_type
	.byte	19                      @ DW_FORM_ref4
	.byte	0                       @ EOM(1)
	.byte	0                       @ EOM(2)
	.byte	19                      @ Abbreviation Code
	.byte	46                      @ DW_TAG_subprogram
	.byte	0                       @ DW_CHILDREN_no
	.byte	17                      @ DW_AT_low_pc
	.byte	1                       @ DW_FORM_addr
	.byte	18                      @ DW_AT_high_pc
	.byte	1                       @ DW_FORM_addr
	.byte	64                      @ DW_AT_frame_base
	.byte	10                      @ DW_FORM_block1
	.byte	3                       @ DW_AT_name
	.byte	14                      @ DW_FORM_strp
	.byte	58                      @ DW_AT_decl_file
	.byte	11                      @ DW_FORM_data1
	.byte	59                      @ DW_AT_decl_line
	.byte	11                      @ DW_FORM_data1
	.byte	39                      @ DW_AT_prototyped
	.byte	12                      @ DW_FORM_flag
	.byte	63                      @ DW_AT_external
	.byte	12                      @ DW_FORM_flag
	.byte	0                       @ EOM(1)
	.byte	0                       @ EOM(2)
	.byte	20                      @ Abbreviation Code
	.byte	46                      @ DW_TAG_subprogram
	.byte	0                       @ DW_CHILDREN_no
	.byte	17                      @ DW_AT_low_pc
	.byte	1                       @ DW_FORM_addr
	.byte	18                      @ DW_AT_high_pc
	.byte	1                       @ DW_FORM_addr
	.byte	64                      @ DW_AT_frame_base
	.byte	10                      @ DW_FORM_block1
	.byte	3                       @ DW_AT_name
	.byte	14                      @ DW_FORM_strp
	.byte	58                      @ DW_AT_decl_file
	.byte	11                      @ DW_FORM_data1
	.byte	59                      @ DW_AT_decl_line
	.byte	5                       @ DW_FORM_data2
	.byte	39                      @ DW_AT_prototyped
	.byte	12                      @ DW_FORM_flag
	.byte	63                      @ DW_AT_external
	.byte	12                      @ DW_FORM_flag
	.byte	0                       @ EOM(1)
	.byte	0                       @ EOM(2)
	.byte	21                      @ Abbreviation Code
	.byte	46                      @ DW_TAG_subprogram
	.byte	1                       @ DW_CHILDREN_yes
	.byte	17                      @ DW_AT_low_pc
	.byte	1                       @ DW_FORM_addr
	.byte	18                      @ DW_AT_high_pc
	.byte	1                       @ DW_FORM_addr
	.byte	64                      @ DW_AT_frame_base
	.byte	10                      @ DW_FORM_block1
	.byte	3                       @ DW_AT_name
	.byte	14                      @ DW_FORM_strp
	.byte	58                      @ DW_AT_decl_file
	.byte	11                      @ DW_FORM_data1
	.byte	59                      @ DW_AT_decl_line
	.byte	5                       @ DW_FORM_data2
	.byte	39                      @ DW_AT_prototyped
	.byte	12                      @ DW_FORM_flag
	.byte	63                      @ DW_AT_external
	.byte	12                      @ DW_FORM_flag
	.byte	0                       @ EOM(1)
	.byte	0                       @ EOM(2)
	.byte	22                      @ Abbreviation Code
	.byte	5                       @ DW_TAG_formal_parameter
	.byte	0                       @ DW_CHILDREN_no
	.byte	2                       @ DW_AT_location
	.byte	6                       @ DW_FORM_data4
	.byte	3                       @ DW_AT_name
	.byte	14                      @ DW_FORM_strp
	.byte	58                      @ DW_AT_decl_file
	.byte	11                      @ DW_FORM_data1
	.byte	59                      @ DW_AT_decl_line
	.byte	5                       @ DW_FORM_data2
	.byte	73                      @ DW_AT_type
	.byte	19                      @ DW_FORM_ref4
	.byte	0                       @ EOM(1)
	.byte	0                       @ EOM(2)
	.byte	23                      @ Abbreviation Code
	.byte	46                      @ DW_TAG_subprogram
	.byte	1                       @ DW_CHILDREN_yes
	.byte	17                      @ DW_AT_low_pc
	.byte	1                       @ DW_FORM_addr
	.byte	18                      @ DW_AT_high_pc
	.byte	1                       @ DW_FORM_addr
	.byte	64                      @ DW_AT_frame_base
	.byte	10                      @ DW_FORM_block1
	.byte	3                       @ DW_AT_name
	.byte	14                      @ DW_FORM_strp
	.byte	58                      @ DW_AT_decl_file
	.byte	11                      @ DW_FORM_data1
	.byte	59                      @ DW_AT_decl_line
	.byte	5                       @ DW_FORM_data2
	.byte	39                      @ DW_AT_prototyped
	.byte	12                      @ DW_FORM_flag
	.byte	73                      @ DW_AT_type
	.byte	19                      @ DW_FORM_ref4
	.byte	63                      @ DW_AT_external
	.byte	12                      @ DW_FORM_flag
	.byte	0                       @ EOM(1)
	.byte	0                       @ EOM(2)
	.byte	24                      @ Abbreviation Code
	.byte	52                      @ DW_TAG_variable
	.byte	0                       @ DW_CHILDREN_no
	.byte	2                       @ DW_AT_location
	.byte	6                       @ DW_FORM_data4
	.byte	3                       @ DW_AT_name
	.byte	14                      @ DW_FORM_strp
	.byte	58                      @ DW_AT_decl_file
	.byte	11                      @ DW_FORM_data1
	.byte	59                      @ DW_AT_decl_line
	.byte	5                       @ DW_FORM_data2
	.byte	73                      @ DW_AT_type
	.byte	19                      @ DW_FORM_ref4
	.byte	0                       @ EOM(1)
	.byte	0                       @ EOM(2)
	.byte	0                       @ EOM(3)
	.section	.debug_info,"",%progbits
.Lcu_begin0:
	.long	.Ldebug_info_end0-.Ldebug_info_start0 @ Length of Unit
.Ldebug_info_start0:
	.short	3                       @ DWARF version number
	.long	.debug_abbrev           @ Offset Into Abbrev. Section
	.byte	4                       @ Address Size (in bytes)
	.byte	1                       @ Abbrev [1] 0xb:0x392 DW_TAG_compile_unit
	.long	.Linfo_string0          @ DW_AT_producer
	.short	12                      @ DW_AT_language
	.long	.Linfo_string1          @ DW_AT_name
	.long	.Lline_table_start0     @ DW_AT_stmt_list
	.long	.Linfo_string2          @ DW_AT_comp_dir
	.long	0                       @ DW_AT_low_pc
	.long	.Ldebug_ranges0         @ DW_AT_ranges
	.byte	2                       @ Abbrev [2] 0x26:0x57 DW_TAG_subprogram
	.long	.Lfunc_begin5           @ DW_AT_low_pc
	.long	.Lfunc_end5             @ DW_AT_high_pc
	.byte	1                       @ DW_AT_frame_base
	.byte	93
	.long	.Linfo_string48         @ DW_AT_name
	.byte	2                       @ DW_AT_decl_file
	.byte	142                     @ DW_AT_decl_line
	.byte	1                       @ DW_AT_prototyped
	.byte	1                       @ DW_AT_external
	.byte	3                       @ Abbrev [3] 0x39:0x25 DW_TAG_variable
	.long	.Linfo_string3          @ DW_AT_name
	.long	125                     @ DW_AT_type
	.byte	2                       @ DW_AT_decl_file
	.byte	144                     @ DW_AT_decl_line
	.byte	25                      @ DW_AT_location
	.byte	3
	.long	.L_MergedGlobals
	.byte	147
	.byte	4
	.byte	3
	.long	.L_MergedGlobals
	.byte	35
	.byte	4
	.byte	147
	.byte	4
	.byte	3
	.long	.L_MergedGlobals
	.byte	35
	.byte	8
	.byte	147
	.byte	4
	.byte	4                       @ Abbrev [4] 0x5e:0xf DW_TAG_formal_parameter
	.long	.Ldebug_loc3            @ DW_AT_location
	.long	.Linfo_string60         @ DW_AT_name
	.byte	2                       @ DW_AT_decl_file
	.byte	142                     @ DW_AT_decl_line
	.long	137                     @ DW_AT_type
	.byte	4                       @ Abbrev [4] 0x6d:0xf DW_TAG_formal_parameter
	.long	.Ldebug_loc4            @ DW_AT_location
	.long	.Linfo_string61         @ DW_AT_name
	.byte	2                       @ DW_AT_decl_file
	.byte	142                     @ DW_AT_decl_line
	.long	521                     @ DW_AT_type
	.byte	0                       @ End Of Children Mark
	.byte	5                       @ Abbrev [5] 0x7d:0xc DW_TAG_array_type
	.long	137                     @ DW_AT_type
	.byte	6                       @ Abbrev [6] 0x82:0x6 DW_TAG_subrange_type
	.long	155                     @ DW_AT_type
	.byte	3                       @ DW_AT_count
	.byte	0                       @ End Of Children Mark
	.byte	7                       @ Abbrev [7] 0x89:0xb DW_TAG_typedef
	.long	148                     @ DW_AT_type
	.long	.Linfo_string5          @ DW_AT_name
	.byte	1                       @ DW_AT_decl_file
	.byte	64                      @ DW_AT_decl_line
	.byte	8                       @ Abbrev [8] 0x94:0x7 DW_TAG_base_type
	.long	.Linfo_string4          @ DW_AT_name
	.byte	7                       @ DW_AT_encoding
	.byte	4                       @ DW_AT_byte_size
	.byte	9                       @ Abbrev [9] 0x9b:0x7 DW_TAG_base_type
	.long	.Linfo_string6          @ DW_AT_name
	.byte	8                       @ DW_AT_byte_size
	.byte	7                       @ DW_AT_encoding
	.byte	10                      @ Abbrev [10] 0xa2:0x9d DW_TAG_enumeration_type
	.long	319                     @ DW_AT_type
	.byte	2                       @ DW_AT_byte_size
	.byte	3                       @ DW_AT_decl_file
	.short	293                     @ DW_AT_decl_line
	.byte	11                      @ Abbrev [11] 0xab:0x7 DW_TAG_enumerator
	.long	.Linfo_string8          @ DW_AT_name
	.ascii	"\221\024"              @ DW_AT_const_value
	.byte	11                      @ Abbrev [11] 0xb2:0x7 DW_TAG_enumerator
	.long	.Linfo_string9          @ DW_AT_name
	.ascii	"\222\024"              @ DW_AT_const_value
	.byte	11                      @ Abbrev [11] 0xb9:0x7 DW_TAG_enumerator
	.long	.Linfo_string10         @ DW_AT_name
	.ascii	"\223\024"              @ DW_AT_const_value
	.byte	11                      @ Abbrev [11] 0xc0:0x7 DW_TAG_enumerator
	.long	.Linfo_string11         @ DW_AT_name
	.ascii	"\226\024"              @ DW_AT_const_value
	.byte	11                      @ Abbrev [11] 0xc7:0x7 DW_TAG_enumerator
	.long	.Linfo_string12         @ DW_AT_name
	.ascii	"\200\006"              @ DW_AT_const_value
	.byte	11                      @ Abbrev [11] 0xce:0x7 DW_TAG_enumerator
	.long	.Linfo_string13         @ DW_AT_name
	.ascii	"\211\006"              @ DW_AT_const_value
	.byte	11                      @ Abbrev [11] 0xd5:0x7 DW_TAG_enumerator
	.long	.Linfo_string14         @ DW_AT_name
	.ascii	"\213\006"              @ DW_AT_const_value
	.byte	11                      @ Abbrev [11] 0xdc:0x7 DW_TAG_enumerator
	.long	.Linfo_string15         @ DW_AT_name
	.ascii	"\214\006"              @ DW_AT_const_value
	.byte	11                      @ Abbrev [11] 0xe3:0x7 DW_TAG_enumerator
	.long	.Linfo_string16         @ DW_AT_name
	.ascii	"\216\006"              @ DW_AT_const_value
	.byte	11                      @ Abbrev [11] 0xea:0x7 DW_TAG_enumerator
	.long	.Linfo_string17         @ DW_AT_name
	.ascii	"\220\006"              @ DW_AT_const_value
	.byte	11                      @ Abbrev [11] 0xf1:0x7 DW_TAG_enumerator
	.long	.Linfo_string18         @ DW_AT_name
	.ascii	"\221\006"              @ DW_AT_const_value
	.byte	11                      @ Abbrev [11] 0xf8:0x7 DW_TAG_enumerator
	.long	.Linfo_string19         @ DW_AT_name
	.ascii	"\222\006"              @ DW_AT_const_value
	.byte	11                      @ Abbrev [11] 0xff:0x7 DW_TAG_enumerator
	.long	.Linfo_string20         @ DW_AT_name
	.ascii	"\201\b"                @ DW_AT_const_value
	.byte	11                      @ Abbrev [11] 0x106:0x7 DW_TAG_enumerator
	.long	.Linfo_string21         @ DW_AT_name
	.ascii	"\204\b"                @ DW_AT_const_value
	.byte	11                      @ Abbrev [11] 0x10d:0x7 DW_TAG_enumerator
	.long	.Linfo_string22         @ DW_AT_name
	.ascii	"\210\b"                @ DW_AT_const_value
	.byte	11                      @ Abbrev [11] 0x114:0x7 DW_TAG_enumerator
	.long	.Linfo_string23         @ DW_AT_name
	.ascii	"\213\b"                @ DW_AT_const_value
	.byte	11                      @ Abbrev [11] 0x11b:0x7 DW_TAG_enumerator
	.long	.Linfo_string24         @ DW_AT_name
	.ascii	"\216\b"                @ DW_AT_const_value
	.byte	11                      @ Abbrev [11] 0x122:0x7 DW_TAG_enumerator
	.long	.Linfo_string25         @ DW_AT_name
	.ascii	"\221\b"                @ DW_AT_const_value
	.byte	11                      @ Abbrev [11] 0x129:0x7 DW_TAG_enumerator
	.long	.Linfo_string26         @ DW_AT_name
	.ascii	"\225\b"                @ DW_AT_const_value
	.byte	11                      @ Abbrev [11] 0x130:0x7 DW_TAG_enumerator
	.long	.Linfo_string27         @ DW_AT_name
	.ascii	"\226\b"                @ DW_AT_const_value
	.byte	11                      @ Abbrev [11] 0x137:0x7 DW_TAG_enumerator
	.long	.Linfo_string28         @ DW_AT_name
	.ascii	"\234\b"                @ DW_AT_const_value
	.byte	0                       @ End Of Children Mark
	.byte	8                       @ Abbrev [8] 0x13f:0x7 DW_TAG_base_type
	.long	.Linfo_string7          @ DW_AT_name
	.byte	7                       @ DW_AT_encoding
	.byte	2                       @ DW_AT_byte_size
	.byte	12                      @ Abbrev [12] 0x146:0x15 DW_TAG_enumeration_type
	.long	347                     @ DW_AT_type
	.byte	1                       @ DW_AT_byte_size
	.byte	4                       @ DW_AT_decl_file
	.byte	166                     @ DW_AT_decl_line
	.byte	11                      @ Abbrev [11] 0x14e:0x6 DW_TAG_enumerator
	.long	.Linfo_string30         @ DW_AT_name
	.byte	0                       @ DW_AT_const_value
	.byte	11                      @ Abbrev [11] 0x154:0x6 DW_TAG_enumerator
	.long	.Linfo_string31         @ DW_AT_name
	.byte	1                       @ DW_AT_const_value
	.byte	0                       @ End Of Children Mark
	.byte	8                       @ Abbrev [8] 0x15b:0x7 DW_TAG_base_type
	.long	.Linfo_string29         @ DW_AT_name
	.byte	8                       @ DW_AT_encoding
	.byte	1                       @ DW_AT_byte_size
	.byte	13                      @ Abbrev [13] 0x162:0x5 DW_TAG_pointer_type
	.long	359                     @ DW_AT_type
	.byte	14                      @ Abbrev [14] 0x167:0x5 DW_TAG_volatile_type
	.long	137                     @ DW_AT_type
	.byte	13                      @ Abbrev [13] 0x16c:0x5 DW_TAG_pointer_type
	.long	369                     @ DW_AT_type
	.byte	15                      @ Abbrev [15] 0x171:0xc DW_TAG_typedef
	.long	381                     @ DW_AT_type
	.long	.Linfo_string41         @ DW_AT_name
	.byte	5                       @ DW_AT_decl_file
	.short	398                     @ DW_AT_decl_line
	.byte	16                      @ Abbrev [16] 0x17d:0x7b DW_TAG_structure_type
	.byte	40                      @ DW_AT_byte_size
	.byte	5                       @ DW_AT_decl_file
	.short	383                     @ DW_AT_decl_line
	.byte	17                      @ Abbrev [17] 0x182:0xd DW_TAG_member
	.long	.Linfo_string32         @ DW_AT_name
	.long	504                     @ DW_AT_type
	.byte	5                       @ DW_AT_decl_file
	.short	385                     @ DW_AT_decl_line
	.byte	0                       @ DW_AT_data_member_location
	.byte	17                      @ Abbrev [17] 0x18f:0xd DW_TAG_member
	.long	.Linfo_string33         @ DW_AT_name
	.long	359                     @ DW_AT_type
	.byte	5                       @ DW_AT_decl_file
	.short	386                     @ DW_AT_decl_line
	.byte	4                       @ DW_AT_data_member_location
	.byte	17                      @ Abbrev [17] 0x19c:0xd DW_TAG_member
	.long	.Linfo_string34         @ DW_AT_name
	.long	359                     @ DW_AT_type
	.byte	5                       @ DW_AT_decl_file
	.short	388                     @ DW_AT_decl_line
	.byte	8                       @ DW_AT_data_member_location
	.byte	17                      @ Abbrev [17] 0x1a9:0xd DW_TAG_member
	.long	.Linfo_string35         @ DW_AT_name
	.long	359                     @ DW_AT_type
	.byte	5                       @ DW_AT_decl_file
	.short	392                     @ DW_AT_decl_line
	.byte	12                      @ DW_AT_data_member_location
	.byte	17                      @ Abbrev [17] 0x1b6:0xd DW_TAG_member
	.long	.Linfo_string36         @ DW_AT_name
	.long	359                     @ DW_AT_type
	.byte	5                       @ DW_AT_decl_file
	.short	393                     @ DW_AT_decl_line
	.byte	16                      @ DW_AT_data_member_location
	.byte	17                      @ Abbrev [17] 0x1c3:0xd DW_TAG_member
	.long	.Linfo_string37         @ DW_AT_name
	.long	359                     @ DW_AT_type
	.byte	5                       @ DW_AT_decl_file
	.short	394                     @ DW_AT_decl_line
	.byte	20                      @ DW_AT_data_member_location
	.byte	17                      @ Abbrev [17] 0x1d0:0xd DW_TAG_member
	.long	.Linfo_string38         @ DW_AT_name
	.long	137                     @ DW_AT_type
	.byte	5                       @ DW_AT_decl_file
	.short	395                     @ DW_AT_decl_line
	.byte	24                      @ DW_AT_data_member_location
	.byte	17                      @ Abbrev [17] 0x1dd:0xd DW_TAG_member
	.long	.Linfo_string39         @ DW_AT_name
	.long	509                     @ DW_AT_type
	.byte	5                       @ DW_AT_decl_file
	.short	396                     @ DW_AT_decl_line
	.byte	28                      @ DW_AT_data_member_location
	.byte	17                      @ Abbrev [17] 0x1ea:0xd DW_TAG_member
	.long	.Linfo_string40         @ DW_AT_name
	.long	359                     @ DW_AT_type
	.byte	5                       @ DW_AT_decl_file
	.short	397                     @ DW_AT_decl_line
	.byte	36                      @ DW_AT_data_member_location
	.byte	0                       @ End Of Children Mark
	.byte	18                      @ Abbrev [18] 0x1f8:0x5 DW_TAG_const_type
	.long	359                     @ DW_AT_type
	.byte	5                       @ Abbrev [5] 0x1fd:0xc DW_TAG_array_type
	.long	359                     @ DW_AT_type
	.byte	6                       @ Abbrev [6] 0x202:0x6 DW_TAG_subrange_type
	.long	155                     @ DW_AT_type
	.byte	2                       @ DW_AT_count
	.byte	0                       @ End Of Children Mark
	.byte	7                       @ Abbrev [7] 0x209:0xb DW_TAG_typedef
	.long	347                     @ DW_AT_type
	.long	.Linfo_string42         @ DW_AT_name
	.byte	1                       @ DW_AT_decl_file
	.byte	62                      @ DW_AT_decl_line
	.byte	19                      @ Abbrev [19] 0x214:0x13 DW_TAG_subprogram
	.long	.Lfunc_begin0           @ DW_AT_low_pc
	.long	.Lfunc_end0             @ DW_AT_high_pc
	.byte	1                       @ DW_AT_frame_base
	.byte	93
	.long	.Linfo_string43         @ DW_AT_name
	.byte	2                       @ DW_AT_decl_file
	.byte	45                      @ DW_AT_decl_line
	.byte	1                       @ DW_AT_prototyped
	.byte	1                       @ DW_AT_external
	.byte	2                       @ Abbrev [2] 0x227:0x23 DW_TAG_subprogram
	.long	.Lfunc_begin1           @ DW_AT_low_pc
	.long	.Lfunc_end1             @ DW_AT_high_pc
	.byte	1                       @ DW_AT_frame_base
	.byte	93
	.long	.Linfo_string44         @ DW_AT_name
	.byte	2                       @ DW_AT_decl_file
	.byte	67                      @ DW_AT_decl_line
	.byte	1                       @ DW_AT_prototyped
	.byte	1                       @ DW_AT_external
	.byte	4                       @ Abbrev [4] 0x23a:0xf DW_TAG_formal_parameter
	.long	.Ldebug_loc0            @ DW_AT_location
	.long	.Linfo_string57         @ DW_AT_name
	.byte	2                       @ DW_AT_decl_file
	.byte	67                      @ DW_AT_decl_line
	.long	137                     @ DW_AT_type
	.byte	0                       @ End Of Children Mark
	.byte	2                       @ Abbrev [2] 0x24a:0x23 DW_TAG_subprogram
	.long	.Lfunc_begin2           @ DW_AT_low_pc
	.long	.Lfunc_end2             @ DW_AT_high_pc
	.byte	1                       @ DW_AT_frame_base
	.byte	93
	.long	.Linfo_string45         @ DW_AT_name
	.byte	2                       @ DW_AT_decl_file
	.byte	89                      @ DW_AT_decl_line
	.byte	1                       @ DW_AT_prototyped
	.byte	1                       @ DW_AT_external
	.byte	4                       @ Abbrev [4] 0x25d:0xf DW_TAG_formal_parameter
	.long	.Ldebug_loc1            @ DW_AT_location
	.long	.Linfo_string58         @ DW_AT_name
	.byte	2                       @ DW_AT_decl_file
	.byte	89                      @ DW_AT_decl_line
	.long	137                     @ DW_AT_type
	.byte	0                       @ End Of Children Mark
	.byte	19                      @ Abbrev [19] 0x26d:0x13 DW_TAG_subprogram
	.long	.Lfunc_begin3           @ DW_AT_low_pc
	.long	.Lfunc_end3             @ DW_AT_high_pc
	.byte	1                       @ DW_AT_frame_base
	.byte	93
	.long	.Linfo_string46         @ DW_AT_name
	.byte	2                       @ DW_AT_decl_file
	.byte	101                     @ DW_AT_decl_line
	.byte	1                       @ DW_AT_prototyped
	.byte	1                       @ DW_AT_external
	.byte	2                       @ Abbrev [2] 0x280:0x23 DW_TAG_subprogram
	.long	.Lfunc_begin4           @ DW_AT_low_pc
	.long	.Lfunc_end4             @ DW_AT_high_pc
	.byte	1                       @ DW_AT_frame_base
	.byte	93
	.long	.Linfo_string47         @ DW_AT_name
	.byte	2                       @ DW_AT_decl_file
	.byte	116                     @ DW_AT_decl_line
	.byte	1                       @ DW_AT_prototyped
	.byte	1                       @ DW_AT_external
	.byte	4                       @ Abbrev [4] 0x293:0xf DW_TAG_formal_parameter
	.long	.Ldebug_loc2            @ DW_AT_location
	.long	.Linfo_string59         @ DW_AT_name
	.byte	2                       @ DW_AT_decl_file
	.byte	116                     @ DW_AT_decl_line
	.long	521                     @ DW_AT_type
	.byte	0                       @ End Of Children Mark
	.byte	2                       @ Abbrev [2] 0x2a3:0x23 DW_TAG_subprogram
	.long	.Lfunc_begin6           @ DW_AT_low_pc
	.long	.Lfunc_end6             @ DW_AT_high_pc
	.byte	1                       @ DW_AT_frame_base
	.byte	93
	.long	.Linfo_string49         @ DW_AT_name
	.byte	2                       @ DW_AT_decl_file
	.byte	188                     @ DW_AT_decl_line
	.byte	1                       @ DW_AT_prototyped
	.byte	1                       @ DW_AT_external
	.byte	4                       @ Abbrev [4] 0x2b6:0xf DW_TAG_formal_parameter
	.long	.Ldebug_loc5            @ DW_AT_location
	.long	.Linfo_string62         @ DW_AT_name
	.byte	2                       @ DW_AT_decl_file
	.byte	188                     @ DW_AT_decl_line
	.long	521                     @ DW_AT_type
	.byte	0                       @ End Of Children Mark
	.byte	2                       @ Abbrev [2] 0x2c6:0x23 DW_TAG_subprogram
	.long	.Lfunc_begin7           @ DW_AT_low_pc
	.long	.Lfunc_end7             @ DW_AT_high_pc
	.byte	1                       @ DW_AT_frame_base
	.byte	93
	.long	.Linfo_string50         @ DW_AT_name
	.byte	2                       @ DW_AT_decl_file
	.byte	222                     @ DW_AT_decl_line
	.byte	1                       @ DW_AT_prototyped
	.byte	1                       @ DW_AT_external
	.byte	4                       @ Abbrev [4] 0x2d9:0xf DW_TAG_formal_parameter
	.long	.Ldebug_loc6            @ DW_AT_location
	.long	.Linfo_string63         @ DW_AT_name
	.byte	2                       @ DW_AT_decl_file
	.byte	222                     @ DW_AT_decl_line
	.long	137                     @ DW_AT_type
	.byte	0                       @ End Of Children Mark
	.byte	2                       @ Abbrev [2] 0x2e9:0x23 DW_TAG_subprogram
	.long	.Lfunc_begin8           @ DW_AT_low_pc
	.long	.Lfunc_end8             @ DW_AT_high_pc
	.byte	1                       @ DW_AT_frame_base
	.byte	93
	.long	.Linfo_string51         @ DW_AT_name
	.byte	2                       @ DW_AT_decl_file
	.byte	238                     @ DW_AT_decl_line
	.byte	1                       @ DW_AT_prototyped
	.byte	1                       @ DW_AT_external
	.byte	4                       @ Abbrev [4] 0x2fc:0xf DW_TAG_formal_parameter
	.long	.Ldebug_loc7            @ DW_AT_location
	.long	.Linfo_string63         @ DW_AT_name
	.byte	2                       @ DW_AT_decl_file
	.byte	238                     @ DW_AT_decl_line
	.long	137                     @ DW_AT_type
	.byte	0                       @ End Of Children Mark
	.byte	19                      @ Abbrev [19] 0x30c:0x13 DW_TAG_subprogram
	.long	.Lfunc_begin9           @ DW_AT_low_pc
	.long	.Lfunc_end9             @ DW_AT_high_pc
	.byte	1                       @ DW_AT_frame_base
	.byte	93
	.long	.Linfo_string52         @ DW_AT_name
	.byte	2                       @ DW_AT_decl_file
	.byte	249                     @ DW_AT_decl_line
	.byte	1                       @ DW_AT_prototyped
	.byte	1                       @ DW_AT_external
	.byte	20                      @ Abbrev [20] 0x31f:0x14 DW_TAG_subprogram
	.long	.Lfunc_begin10          @ DW_AT_low_pc
	.long	.Lfunc_end10            @ DW_AT_high_pc
	.byte	1                       @ DW_AT_frame_base
	.byte	93
	.long	.Linfo_string53         @ DW_AT_name
	.byte	2                       @ DW_AT_decl_file
	.short	260                     @ DW_AT_decl_line
	.byte	1                       @ DW_AT_prototyped
	.byte	1                       @ DW_AT_external
	.byte	21                      @ Abbrev [21] 0x333:0x25 DW_TAG_subprogram
	.long	.Lfunc_begin11          @ DW_AT_low_pc
	.long	.Lfunc_end11            @ DW_AT_high_pc
	.byte	1                       @ DW_AT_frame_base
	.byte	93
	.long	.Linfo_string54         @ DW_AT_name
	.byte	2                       @ DW_AT_decl_file
	.short	274                     @ DW_AT_decl_line
	.byte	1                       @ DW_AT_prototyped
	.byte	1                       @ DW_AT_external
	.byte	22                      @ Abbrev [22] 0x347:0x10 DW_TAG_formal_parameter
	.long	.Ldebug_loc8            @ DW_AT_location
	.long	.Linfo_string64         @ DW_AT_name
	.byte	2                       @ DW_AT_decl_file
	.short	274                     @ DW_AT_decl_line
	.long	137                     @ DW_AT_type
	.byte	0                       @ End Of Children Mark
	.byte	23                      @ Abbrev [23] 0x358:0x39 DW_TAG_subprogram
	.long	.Lfunc_begin12          @ DW_AT_low_pc
	.long	.Lfunc_end12            @ DW_AT_high_pc
	.byte	1                       @ DW_AT_frame_base
	.byte	93
	.long	.Linfo_string55         @ DW_AT_name
	.byte	2                       @ DW_AT_decl_file
	.short	296                     @ DW_AT_decl_line
	.byte	1                       @ DW_AT_prototyped
	.long	913                     @ DW_AT_type
	.byte	1                       @ DW_AT_external
	.byte	22                      @ Abbrev [22] 0x370:0x10 DW_TAG_formal_parameter
	.long	.Ldebug_loc9            @ DW_AT_location
	.long	.Linfo_string65         @ DW_AT_name
	.byte	2                       @ DW_AT_decl_file
	.short	296                     @ DW_AT_decl_line
	.long	137                     @ DW_AT_type
	.byte	24                      @ Abbrev [24] 0x380:0x10 DW_TAG_variable
	.long	.Ldebug_loc10           @ DW_AT_location
	.long	.Linfo_string66         @ DW_AT_name
	.byte	2                       @ DW_AT_decl_file
	.short	298                     @ DW_AT_decl_line
	.long	913                     @ DW_AT_type
	.byte	0                       @ End Of Children Mark
	.byte	7                       @ Abbrev [7] 0x391:0xb DW_TAG_typedef
	.long	326                     @ DW_AT_type
	.long	.Linfo_string56         @ DW_AT_name
	.byte	4                       @ DW_AT_decl_file
	.byte	166                     @ DW_AT_decl_line
	.byte	0                       @ End Of Children Mark
.Ldebug_info_end0:
	.section	.debug_ranges,"",%progbits
.Ldebug_ranges0:
	.long	.Lfunc_begin0
	.long	.Lfunc_end0
	.long	.Lfunc_begin1
	.long	.Lfunc_end1
	.long	.Lfunc_begin2
	.long	.Lfunc_end2
	.long	.Lfunc_begin3
	.long	.Lfunc_end3
	.long	.Lfunc_begin4
	.long	.Lfunc_end4
	.long	.Lfunc_begin5
	.long	.Lfunc_end5
	.long	.Lfunc_begin6
	.long	.Lfunc_end6
	.long	.Lfunc_begin7
	.long	.Lfunc_end7
	.long	.Lfunc_begin8
	.long	.Lfunc_end8
	.long	.Lfunc_begin9
	.long	.Lfunc_end9
	.long	.Lfunc_begin10
	.long	.Lfunc_end10
	.long	.Lfunc_begin11
	.long	.Lfunc_end11
	.long	.Lfunc_begin12
	.long	.Lfunc_end12
	.long	0
	.long	0
.set pmu_to_deepsleepmode.reg_snap.0, .L_MergedGlobals
	.size	pmu_to_deepsleepmode.reg_snap.0, 4
.set pmu_to_deepsleepmode.reg_snap.1, .L_MergedGlobals+4
	.size	pmu_to_deepsleepmode.reg_snap.1, 4
.set pmu_to_deepsleepmode.reg_snap.2, .L_MergedGlobals+8
	.size	pmu_to_deepsleepmode.reg_snap.2, 4
	.ident	"Component: ARM Compiler 6.14 Tool: armclang [5db06c00]"
	.section	".note.GNU-stack","",%progbits
	.eabi_attribute	30, 4	@ Tag_ABI_optimization_goals
	.ARM_attribute	16, 1	@ Tag_AV_eba
	.section	.debug_line,"",%progbits
.Lline_table_start0:
