	.text
	.syntax unified
	.eabi_attribute	67, "2.09"	@ Tag_conformance
	.cpu	cortex-m23
	.eabi_attribute	6, 16	@ Tag_CPU_arch
	.eabi_attribute	7, 77	@ Tag_CPU_arch_profile
	.eabi_attribute	8, 0	@ Tag_ARM_ISA_use
	.eabi_attribute	9, 3	@ Tag_THUMB_ISA_use
	.eabi_attribute	34, 0	@ Tag_CPU_unaligned_access
	.eabi_attribute	17, 1	@ Tag_ABI_PCS_GOT_use
	.eabi_attribute	20, 2	@ Tag_ABI_FP_denormal
	.eabi_attribute	21, 0	@ Tag_ABI_FP_exceptions
	.eabi_attribute	23, 1	@ Tag_ABI_FP_number_model
	.eabi_attribute	24, 1	@ Tag_ABI_align_needed
	.eabi_attribute	25, 1	@ Tag_ABI_align_preserved
	.eabi_attribute	38, 1	@ Tag_ABI_FP_16bit_format
	.eabi_attribute	18, 2	@ Tag_ABI_PCS_wchar_t
	.eabi_attribute	26, 1	@ Tag_ABI_enum_size
	.eabi_attribute	14, 0	@ Tag_ABI_PCS_R9_use
	.file	"pwm.c"
	.file	1 "C:\\Users\\13728\\Desktop\\general igniter\\Project" "../Basic/Include\\gd32e23x_rcu.h"
	.file	2 "D:\\ProgramFile\\Keil5\\ARM\\ARMCLANG\\Bin\\..\\include" "stdint.h"
	.section	.text.pwm_config,"ax",%progbits
	.hidden	pwm_config              @ -- Begin function pwm_config
	.globl	pwm_config
	.p2align	2
	.type	pwm_config,%function
	.code	16                      @ @pwm_config
	.thumb_func
pwm_config:
.Lfunc_begin0:
	.file	3 "C:\\Users\\13728\\Desktop\\general igniter\\Project" "../Hardware/pwm/pwm.c"
	.loc	3 3 0                   @ ../Hardware/pwm/pwm.c:3:0
	.fnstart
	.cfi_sections .debug_frame
	.cfi_startproc
@ %bb.0:
	.save	{r4, r5, r6, lr}
	push	{r4, r5, r6, lr}
	.cfi_def_cfa_offset 16
	.cfi_offset lr, -4
	.cfi_offset r6, -8
	.cfi_offset r5, -12
	.cfi_offset r4, -16
	.pad	#32
	sub	sp, #32
	.cfi_def_cfa_offset 48
	ldr	r0, __arm_cp.0_0
.Ltmp0:
	.loc	3 4 2 prologue_end      @ ../Hardware/pwm/pwm.c:4:2
	bl	rcu_periph_clock_enable
	ldr	r5, __arm_cp.0_1
	movs	r4, #0
	movs	r6, #2
	.loc	3 5 5                   @ ../Hardware/pwm/pwm.c:5:5
	mov	r0, r5
	mov	r1, r6
	mov	r2, r4
	mov	r3, r6
	bl	gpio_mode_set
	movs	r2, #3
	.loc	3 6 5                   @ ../Hardware/pwm/pwm.c:6:5
	mov	r0, r5
	mov	r1, r4
	mov	r3, r6
	bl	gpio_output_options_set
	.loc	3 7 5                   @ ../Hardware/pwm/pwm.c:7:5
	mov	r0, r5
	mov	r1, r4
	mov	r2, r6
	bl	gpio_af_set
	.loc	3 12 5                  @ ../Hardware/pwm/pwm.c:12:5
	movw	r0, #1800
	bl	rcu_periph_clock_enable
	ldr	r5, __arm_cp.0_2
	.loc	3 14 5                  @ ../Hardware/pwm/pwm.c:14:5
	mov	r0, r5
	bl	timer_deinit
	add	r1, sp, #4
	.loc	3 21 38                 @ ../Hardware/pwm/pwm.c:21:38
	strb	r4, [r1, #12]
	ldr	r0, __arm_cp.0_3
	.loc	3 19 38                 @ ../Hardware/pwm/pwm.c:19:38
	str	r0, [sp, #12]
	movs	r0, #71
	.loc	3 16 38                 @ ../Hardware/pwm/pwm.c:16:38
	str	r0, [sp, #4]
	.loc	3 18 38                 @ ../Hardware/pwm/pwm.c:18:38
	str	r4, [sp, #8]
	.loc	3 22 5                  @ ../Hardware/pwm/pwm.c:22:5
	mov	r0, r5
	bl	timer_init
	add	r2, sp, #20
	movs	r0, #1
	.loc	3 29 33                 @ ../Hardware/pwm/pwm.c:29:33
	strh	r0, [r2]
	.loc	3 28 33                 @ ../Hardware/pwm/pwm.c:28:33
	strh	r4, [r2, #4]
	.loc	3 31 5                  @ ../Hardware/pwm/pwm.c:31:5
	mov	r0, r5
	mov	r1, r4
	bl	timer_channel_output_config
	ldr	r2, __arm_cp.0_4
	.loc	3 32 3                  @ ../Hardware/pwm/pwm.c:32:3
	mov	r0, r5
	mov	r1, r4
	bl	timer_channel_output_pulse_value_config
	movs	r2, #96
	.loc	3 34 5                  @ ../Hardware/pwm/pwm.c:34:5
	mov	r0, r5
	mov	r1, r4
	bl	timer_channel_output_mode_config
	movs	r2, #8
	.loc	3 35 5                  @ ../Hardware/pwm/pwm.c:35:5
	mov	r0, r5
	mov	r1, r4
	bl	timer_channel_output_shadow_config
	.loc	3 38 5                  @ ../Hardware/pwm/pwm.c:38:5
	mov	r0, r5
	bl	timer_auto_reload_shadow_enable
	.loc	3 40 5                  @ ../Hardware/pwm/pwm.c:40:5
	mov	r0, r5
	bl	timer_enable
	.loc	3 41 5                  @ ../Hardware/pwm/pwm.c:41:5
	mov	r0, r4
	bl	BUZZER
	.loc	3 42 1                  @ ../Hardware/pwm/pwm.c:42:1
	add	sp, #32
	pop	{r4, r5, r6, pc}
.Ltmp1:
	.p2align	2
@ %bb.1:
	.loc	3 0 1 is_stmt 0         @ ../Hardware/pwm/pwm.c:0:1
__arm_cp.0_0:
	.long	1298                    @ 0x512
.Lcpi_end0:
	.size	__arm_cp.0_0, .Lcpi_end0-__arm_cp.0_0
__arm_cp.0_1:
	.long	1207960576              @ 0x48000400
.Lcpi_end1:
	.size	__arm_cp.0_1, .Lcpi_end1-__arm_cp.0_1
__arm_cp.0_2:
	.long	1073750016              @ 0x40002000
.Lcpi_end2:
	.size	__arm_cp.0_2, .Lcpi_end2-__arm_cp.0_2
__arm_cp.0_3:
	.long	19999                   @ 0x4e1f
.Lcpi_end3:
	.size	__arm_cp.0_3, .Lcpi_end3-__arm_cp.0_3
__arm_cp.0_4:
	.long	2500                    @ 0x9c4
.Lcpi_end4:
	.size	__arm_cp.0_4, .Lcpi_end4-__arm_cp.0_4
.Lfunc_end0:
	.size	pwm_config, .Lfunc_end0-pwm_config
	.cfi_endproc
	.cantunwind
	.fnend
                                        @ -- End function
	.file	4 "C:\\Users\\13728\\Desktop\\general igniter\\Project" "../Basic/Include\\gd32e23x_timer.h"
	.section	.debug_str,"MS",%progbits,1
.Linfo_string0:
	.asciz	"Component: ARM Compiler 6.14 Tool: armclang [5db06c00]" @ string offset=0
.Linfo_string1:
	.asciz	"../Hardware/pwm\\pwm.c" @ string offset=55
.Linfo_string2:
	.asciz	"C:\\Users\\13728\\Desktop\\general igniter\\Project" @ string offset=77
.Linfo_string3:
	.asciz	"unsigned short"        @ string offset=124
.Linfo_string4:
	.asciz	"RCU_DMA"               @ string offset=139
.Linfo_string5:
	.asciz	"RCU_CRC"               @ string offset=147
.Linfo_string6:
	.asciz	"RCU_GPIOA"             @ string offset=155
.Linfo_string7:
	.asciz	"RCU_GPIOB"             @ string offset=165
.Linfo_string8:
	.asciz	"RCU_GPIOC"             @ string offset=175
.Linfo_string9:
	.asciz	"RCU_GPIOF"             @ string offset=185
.Linfo_string10:
	.asciz	"RCU_CFGCMP"            @ string offset=195
.Linfo_string11:
	.asciz	"RCU_ADC"               @ string offset=206
.Linfo_string12:
	.asciz	"RCU_TIMER0"            @ string offset=214
.Linfo_string13:
	.asciz	"RCU_SPI0"              @ string offset=225
.Linfo_string14:
	.asciz	"RCU_USART0"            @ string offset=234
.Linfo_string15:
	.asciz	"RCU_TIMER14"           @ string offset=245
.Linfo_string16:
	.asciz	"RCU_TIMER15"           @ string offset=257
.Linfo_string17:
	.asciz	"RCU_TIMER16"           @ string offset=269
.Linfo_string18:
	.asciz	"RCU_DBGMCU"            @ string offset=281
.Linfo_string19:
	.asciz	"RCU_TIMER2"            @ string offset=292
.Linfo_string20:
	.asciz	"RCU_TIMER5"            @ string offset=303
.Linfo_string21:
	.asciz	"RCU_TIMER13"           @ string offset=314
.Linfo_string22:
	.asciz	"RCU_WWDGT"             @ string offset=326
.Linfo_string23:
	.asciz	"RCU_SPI1"              @ string offset=336
.Linfo_string24:
	.asciz	"RCU_USART1"            @ string offset=345
.Linfo_string25:
	.asciz	"RCU_I2C0"              @ string offset=356
.Linfo_string26:
	.asciz	"RCU_I2C1"              @ string offset=365
.Linfo_string27:
	.asciz	"RCU_PMU"               @ string offset=374
.Linfo_string28:
	.asciz	"RCU_RTC"               @ string offset=382
.Linfo_string29:
	.asciz	"unsigned int"          @ string offset=390
.Linfo_string30:
	.asciz	"uint32_t"              @ string offset=403
.Linfo_string31:
	.asciz	"unsigned char"         @ string offset=412
.Linfo_string32:
	.asciz	"uint8_t"               @ string offset=426
.Linfo_string33:
	.asciz	"uint16_t"              @ string offset=434
.Linfo_string34:
	.asciz	"pwm_config"            @ string offset=443
.Linfo_string35:
	.asciz	"timer_ocintpara"       @ string offset=454
.Linfo_string36:
	.asciz	"outputstate"           @ string offset=470
.Linfo_string37:
	.asciz	"outputnstate"          @ string offset=482
.Linfo_string38:
	.asciz	"ocpolarity"            @ string offset=495
.Linfo_string39:
	.asciz	"ocnpolarity"           @ string offset=506
.Linfo_string40:
	.asciz	"ocidlestate"           @ string offset=518
.Linfo_string41:
	.asciz	"ocnidlestate"          @ string offset=530
.Linfo_string42:
	.asciz	"timer_oc_parameter_struct" @ string offset=543
.Linfo_string43:
	.asciz	"timer_initpara"        @ string offset=569
.Linfo_string44:
	.asciz	"prescaler"             @ string offset=584
.Linfo_string45:
	.asciz	"alignedmode"           @ string offset=594
.Linfo_string46:
	.asciz	"counterdirection"      @ string offset=606
.Linfo_string47:
	.asciz	"clockdivision"         @ string offset=623
.Linfo_string48:
	.asciz	"period"                @ string offset=637
.Linfo_string49:
	.asciz	"repetitioncounter"     @ string offset=644
.Linfo_string50:
	.asciz	"timer_parameter_struct" @ string offset=662
	.section	.debug_abbrev,"",%progbits
	.byte	1                       @ Abbreviation Code
	.byte	17                      @ DW_TAG_compile_unit
	.byte	1                       @ DW_CHILDREN_yes
	.byte	37                      @ DW_AT_producer
	.byte	14                      @ DW_FORM_strp
	.byte	19                      @ DW_AT_language
	.byte	5                       @ DW_FORM_data2
	.byte	3                       @ DW_AT_name
	.byte	14                      @ DW_FORM_strp
	.byte	16                      @ DW_AT_stmt_list
	.byte	6                       @ DW_FORM_data4
	.byte	27                      @ DW_AT_comp_dir
	.byte	14                      @ DW_FORM_strp
	.byte	17                      @ DW_AT_low_pc
	.byte	1                       @ DW_FORM_addr
	.byte	18                      @ DW_AT_high_pc
	.byte	1                       @ DW_FORM_addr
	.byte	0                       @ EOM(1)
	.byte	0                       @ EOM(2)
	.byte	2                       @ Abbreviation Code
	.byte	4                       @ DW_TAG_enumeration_type
	.byte	1                       @ DW_CHILDREN_yes
	.byte	73                      @ DW_AT_type
	.byte	19                      @ DW_FORM_ref4
	.byte	11                      @ DW_AT_byte_size
	.byte	11                      @ DW_FORM_data1
	.byte	58                      @ DW_AT_decl_file
	.byte	11                      @ DW_FORM_data1
	.byte	59                      @ DW_AT_decl_line
	.byte	11                      @ DW_FORM_data1
	.byte	0                       @ EOM(1)
	.byte	0                       @ EOM(2)
	.byte	3                       @ Abbreviation Code
	.byte	40                      @ DW_TAG_enumerator
	.byte	0                       @ DW_CHILDREN_no
	.byte	3                       @ DW_AT_name
	.byte	14                      @ DW_FORM_strp
	.byte	28                      @ DW_AT_const_value
	.byte	15                      @ DW_FORM_udata
	.byte	0                       @ EOM(1)
	.byte	0                       @ EOM(2)
	.byte	4                       @ Abbreviation Code
	.byte	36                      @ DW_TAG_base_type
	.byte	0                       @ DW_CHILDREN_no
	.byte	3                       @ DW_AT_name
	.byte	14                      @ DW_FORM_strp
	.byte	62                      @ DW_AT_encoding
	.byte	11                      @ DW_FORM_data1
	.byte	11                      @ DW_AT_byte_size
	.byte	11                      @ DW_FORM_data1
	.byte	0                       @ EOM(1)
	.byte	0                       @ EOM(2)
	.byte	5                       @ Abbreviation Code
	.byte	22                      @ DW_TAG_typedef
	.byte	0                       @ DW_CHILDREN_no
	.byte	73                      @ DW_AT_type
	.byte	19                      @ DW_FORM_ref4
	.byte	3                       @ DW_AT_name
	.byte	14                      @ DW_FORM_strp
	.byte	58                      @ DW_AT_decl_file
	.byte	11                      @ DW_FORM_data1
	.byte	59                      @ DW_AT_decl_line
	.byte	11                      @ DW_FORM_data1
	.byte	0                       @ EOM(1)
	.byte	0                       @ EOM(2)
	.byte	6                       @ Abbreviation Code
	.byte	46                      @ DW_TAG_subprogram
	.byte	1                       @ DW_CHILDREN_yes
	.byte	17                      @ DW_AT_low_pc
	.byte	1                       @ DW_FORM_addr
	.byte	18                      @ DW_AT_high_pc
	.byte	1                       @ DW_FORM_addr
	.byte	64                      @ DW_AT_frame_base
	.byte	10                      @ DW_FORM_block1
	.byte	3                       @ DW_AT_name
	.byte	14                      @ DW_FORM_strp
	.byte	58                      @ DW_AT_decl_file
	.byte	11                      @ DW_FORM_data1
	.byte	59                      @ DW_AT_decl_line
	.byte	11                      @ DW_FORM_data1
	.byte	39                      @ DW_AT_prototyped
	.byte	12                      @ DW_FORM_flag
	.byte	63                      @ DW_AT_external
	.byte	12                      @ DW_FORM_flag
	.byte	0                       @ EOM(1)
	.byte	0                       @ EOM(2)
	.byte	7                       @ Abbreviation Code
	.byte	52                      @ DW_TAG_variable
	.byte	0                       @ DW_CHILDREN_no
	.byte	2                       @ DW_AT_location
	.byte	10                      @ DW_FORM_block1
	.byte	3                       @ DW_AT_name
	.byte	14                      @ DW_FORM_strp
	.byte	58                      @ DW_AT_decl_file
	.byte	11                      @ DW_FORM_data1
	.byte	59                      @ DW_AT_decl_line
	.byte	11                      @ DW_FORM_data1
	.byte	73                      @ DW_AT_type
	.byte	19                      @ DW_FORM_ref4
	.byte	0                       @ EOM(1)
	.byte	0                       @ EOM(2)
	.byte	8                       @ Abbreviation Code
	.byte	22                      @ DW_TAG_typedef
	.byte	0                       @ DW_CHILDREN_no
	.byte	73                      @ DW_AT_type
	.byte	19                      @ DW_FORM_ref4
	.byte	3                       @ DW_AT_name
	.byte	14                      @ DW_FORM_strp
	.byte	58                      @ DW_AT_decl_file
	.byte	11                      @ DW_FORM_data1
	.byte	59                      @ DW_AT_decl_line
	.byte	5                       @ DW_FORM_data2
	.byte	0                       @ EOM(1)
	.byte	0                       @ EOM(2)
	.byte	9                       @ Abbreviation Code
	.byte	19                      @ DW_TAG_structure_type
	.byte	1                       @ DW_CHILDREN_yes
	.byte	11                      @ DW_AT_byte_size
	.byte	11                      @ DW_FORM_data1
	.byte	58                      @ DW_AT_decl_file
	.byte	11                      @ DW_FORM_data1
	.byte	59                      @ DW_AT_decl_line
	.byte	5                       @ DW_FORM_data2
	.byte	0                       @ EOM(1)
	.byte	0                       @ EOM(2)
	.byte	10                      @ Abbreviation Code
	.byte	13                      @ DW_TAG_member
	.byte	0                       @ DW_CHILDREN_no
	.byte	3                       @ DW_AT_name
	.byte	14                      @ DW_FORM_strp
	.byte	73                      @ DW_AT_type
	.byte	19                      @ DW_FORM_ref4
	.byte	58                      @ DW_AT_decl_file
	.byte	11                      @ DW_FORM_data1
	.byte	59                      @ DW_AT_decl_line
	.byte	5                       @ DW_FORM_data2
	.byte	56                      @ DW_AT_data_member_location
	.byte	11                      @ DW_FORM_data1
	.byte	0                       @ EOM(1)
	.byte	0                       @ EOM(2)
	.byte	11                      @ Abbreviation Code
	.byte	19                      @ DW_TAG_structure_type
	.byte	1                       @ DW_CHILDREN_yes
	.byte	11                      @ DW_AT_byte_size
	.byte	11                      @ DW_FORM_data1
	.byte	58                      @ DW_AT_decl_file
	.byte	11                      @ DW_FORM_data1
	.byte	59                      @ DW_AT_decl_line
	.byte	11                      @ DW_FORM_data1
	.byte	0                       @ EOM(1)
	.byte	0                       @ EOM(2)
	.byte	0                       @ EOM(3)
	.section	.debug_info,"",%progbits
.Lcu_begin0:
	.long	.Ldebug_info_end0-.Ldebug_info_start0 @ Length of Unit
.Ldebug_info_start0:
	.short	3                       @ DWARF version number
	.long	.debug_abbrev           @ Offset Into Abbrev. Section
	.byte	4                       @ Address Size (in bytes)
	.byte	1                       @ Abbrev [1] 0xb:0x1f9 DW_TAG_compile_unit
	.long	.Linfo_string0          @ DW_AT_producer
	.short	12                      @ DW_AT_language
	.long	.Linfo_string1          @ DW_AT_name
	.long	.Lline_table_start0     @ DW_AT_stmt_list
	.long	.Linfo_string2          @ DW_AT_comp_dir
	.long	.Lfunc_begin0           @ DW_AT_low_pc
	.long	.Lfunc_end0             @ DW_AT_high_pc
	.byte	2                       @ Abbrev [2] 0x26:0xb8 DW_TAG_enumeration_type
	.long	222                     @ DW_AT_type
	.byte	2                       @ DW_AT_byte_size
	.byte	1                       @ DW_AT_decl_file
	.byte	248                     @ DW_AT_decl_line
	.byte	3                       @ Abbrev [3] 0x2e:0x7 DW_TAG_enumerator
	.long	.Linfo_string4          @ DW_AT_name
	.ascii	"\200\n"                @ DW_AT_const_value
	.byte	3                       @ Abbrev [3] 0x35:0x7 DW_TAG_enumerator
	.long	.Linfo_string5          @ DW_AT_name
	.ascii	"\206\n"                @ DW_AT_const_value
	.byte	3                       @ Abbrev [3] 0x3c:0x7 DW_TAG_enumerator
	.long	.Linfo_string6          @ DW_AT_name
	.ascii	"\221\n"                @ DW_AT_const_value
	.byte	3                       @ Abbrev [3] 0x43:0x7 DW_TAG_enumerator
	.long	.Linfo_string7          @ DW_AT_name
	.ascii	"\222\n"                @ DW_AT_const_value
	.byte	3                       @ Abbrev [3] 0x4a:0x7 DW_TAG_enumerator
	.long	.Linfo_string8          @ DW_AT_name
	.ascii	"\223\n"                @ DW_AT_const_value
	.byte	3                       @ Abbrev [3] 0x51:0x7 DW_TAG_enumerator
	.long	.Linfo_string9          @ DW_AT_name
	.ascii	"\226\n"                @ DW_AT_const_value
	.byte	3                       @ Abbrev [3] 0x58:0x7 DW_TAG_enumerator
	.long	.Linfo_string10         @ DW_AT_name
	.ascii	"\200\f"                @ DW_AT_const_value
	.byte	3                       @ Abbrev [3] 0x5f:0x7 DW_TAG_enumerator
	.long	.Linfo_string11         @ DW_AT_name
	.ascii	"\211\f"                @ DW_AT_const_value
	.byte	3                       @ Abbrev [3] 0x66:0x7 DW_TAG_enumerator
	.long	.Linfo_string12         @ DW_AT_name
	.ascii	"\213\f"                @ DW_AT_const_value
	.byte	3                       @ Abbrev [3] 0x6d:0x7 DW_TAG_enumerator
	.long	.Linfo_string13         @ DW_AT_name
	.ascii	"\214\f"                @ DW_AT_const_value
	.byte	3                       @ Abbrev [3] 0x74:0x7 DW_TAG_enumerator
	.long	.Linfo_string14         @ DW_AT_name
	.ascii	"\216\f"                @ DW_AT_const_value
	.byte	3                       @ Abbrev [3] 0x7b:0x7 DW_TAG_enumerator
	.long	.Linfo_string15         @ DW_AT_name
	.ascii	"\220\f"                @ DW_AT_const_value
	.byte	3                       @ Abbrev [3] 0x82:0x7 DW_TAG_enumerator
	.long	.Linfo_string16         @ DW_AT_name
	.ascii	"\221\f"                @ DW_AT_const_value
	.byte	3                       @ Abbrev [3] 0x89:0x7 DW_TAG_enumerator
	.long	.Linfo_string17         @ DW_AT_name
	.ascii	"\222\f"                @ DW_AT_const_value
	.byte	3                       @ Abbrev [3] 0x90:0x7 DW_TAG_enumerator
	.long	.Linfo_string18         @ DW_AT_name
	.ascii	"\226\f"                @ DW_AT_const_value
	.byte	3                       @ Abbrev [3] 0x97:0x7 DW_TAG_enumerator
	.long	.Linfo_string19         @ DW_AT_name
	.ascii	"\201\016"              @ DW_AT_const_value
	.byte	3                       @ Abbrev [3] 0x9e:0x7 DW_TAG_enumerator
	.long	.Linfo_string20         @ DW_AT_name
	.ascii	"\204\016"              @ DW_AT_const_value
	.byte	3                       @ Abbrev [3] 0xa5:0x7 DW_TAG_enumerator
	.long	.Linfo_string21         @ DW_AT_name
	.ascii	"\210\016"              @ DW_AT_const_value
	.byte	3                       @ Abbrev [3] 0xac:0x7 DW_TAG_enumerator
	.long	.Linfo_string22         @ DW_AT_name
	.ascii	"\213\016"              @ DW_AT_const_value
	.byte	3                       @ Abbrev [3] 0xb3:0x7 DW_TAG_enumerator
	.long	.Linfo_string23         @ DW_AT_name
	.ascii	"\216\016"              @ DW_AT_const_value
	.byte	3                       @ Abbrev [3] 0xba:0x7 DW_TAG_enumerator
	.long	.Linfo_string24         @ DW_AT_name
	.ascii	"\221\016"              @ DW_AT_const_value
	.byte	3                       @ Abbrev [3] 0xc1:0x7 DW_TAG_enumerator
	.long	.Linfo_string25         @ DW_AT_name
	.ascii	"\225\016"              @ DW_AT_const_value
	.byte	3                       @ Abbrev [3] 0xc8:0x7 DW_TAG_enumerator
	.long	.Linfo_string26         @ DW_AT_name
	.ascii	"\226\016"              @ DW_AT_const_value
	.byte	3                       @ Abbrev [3] 0xcf:0x7 DW_TAG_enumerator
	.long	.Linfo_string27         @ DW_AT_name
	.ascii	"\234\016"              @ DW_AT_const_value
	.byte	3                       @ Abbrev [3] 0xd6:0x7 DW_TAG_enumerator
	.long	.Linfo_string28         @ DW_AT_name
	.ascii	"\217\020"              @ DW_AT_const_value
	.byte	0                       @ End Of Children Mark
	.byte	4                       @ Abbrev [4] 0xde:0x7 DW_TAG_base_type
	.long	.Linfo_string3          @ DW_AT_name
	.byte	7                       @ DW_AT_encoding
	.byte	2                       @ DW_AT_byte_size
	.byte	5                       @ Abbrev [5] 0xe5:0xb DW_TAG_typedef
	.long	240                     @ DW_AT_type
	.long	.Linfo_string30         @ DW_AT_name
	.byte	2                       @ DW_AT_decl_file
	.byte	64                      @ DW_AT_decl_line
	.byte	4                       @ Abbrev [4] 0xf0:0x7 DW_TAG_base_type
	.long	.Linfo_string29         @ DW_AT_name
	.byte	7                       @ DW_AT_encoding
	.byte	4                       @ DW_AT_byte_size
	.byte	5                       @ Abbrev [5] 0xf7:0xb DW_TAG_typedef
	.long	258                     @ DW_AT_type
	.long	.Linfo_string32         @ DW_AT_name
	.byte	2                       @ DW_AT_decl_file
	.byte	62                      @ DW_AT_decl_line
	.byte	4                       @ Abbrev [4] 0x102:0x7 DW_TAG_base_type
	.long	.Linfo_string31         @ DW_AT_name
	.byte	8                       @ DW_AT_encoding
	.byte	1                       @ DW_AT_byte_size
	.byte	5                       @ Abbrev [5] 0x109:0xb DW_TAG_typedef
	.long	222                     @ DW_AT_type
	.long	.Linfo_string33         @ DW_AT_name
	.byte	2                       @ DW_AT_decl_file
	.byte	63                      @ DW_AT_decl_line
	.byte	6                       @ Abbrev [6] 0x114:0x30 DW_TAG_subprogram
	.long	.Lfunc_begin0           @ DW_AT_low_pc
	.long	.Lfunc_end0             @ DW_AT_high_pc
	.byte	1                       @ DW_AT_frame_base
	.byte	93
	.long	.Linfo_string34         @ DW_AT_name
	.byte	3                       @ DW_AT_decl_file
	.byte	2                       @ DW_AT_decl_line
	.byte	1                       @ DW_AT_prototyped
	.byte	1                       @ DW_AT_external
	.byte	7                       @ Abbrev [7] 0x127:0xe DW_TAG_variable
	.byte	2                       @ DW_AT_location
	.byte	145
	.byte	20
	.long	.Linfo_string35         @ DW_AT_name
	.byte	3                       @ DW_AT_decl_file
	.byte	9                       @ DW_AT_decl_line
	.long	324                     @ DW_AT_type
	.byte	7                       @ Abbrev [7] 0x135:0xe DW_TAG_variable
	.byte	2                       @ DW_AT_location
	.byte	145
	.byte	4
	.long	.Linfo_string43         @ DW_AT_name
	.byte	3                       @ DW_AT_decl_file
	.byte	10                      @ DW_AT_decl_line
	.long	420                     @ DW_AT_type
	.byte	0                       @ End Of Children Mark
	.byte	8                       @ Abbrev [8] 0x144:0xc DW_TAG_typedef
	.long	336                     @ DW_AT_type
	.long	.Linfo_string42         @ DW_AT_name
	.byte	4                       @ DW_AT_decl_file
	.short	285                     @ DW_AT_decl_line
	.byte	9                       @ Abbrev [9] 0x150:0x54 DW_TAG_structure_type
	.byte	12                      @ DW_AT_byte_size
	.byte	4                       @ DW_AT_decl_file
	.short	277                     @ DW_AT_decl_line
	.byte	10                      @ Abbrev [10] 0x155:0xd DW_TAG_member
	.long	.Linfo_string36         @ DW_AT_name
	.long	265                     @ DW_AT_type
	.byte	4                       @ DW_AT_decl_file
	.short	279                     @ DW_AT_decl_line
	.byte	0                       @ DW_AT_data_member_location
	.byte	10                      @ Abbrev [10] 0x162:0xd DW_TAG_member
	.long	.Linfo_string37         @ DW_AT_name
	.long	265                     @ DW_AT_type
	.byte	4                       @ DW_AT_decl_file
	.short	280                     @ DW_AT_decl_line
	.byte	2                       @ DW_AT_data_member_location
	.byte	10                      @ Abbrev [10] 0x16f:0xd DW_TAG_member
	.long	.Linfo_string38         @ DW_AT_name
	.long	265                     @ DW_AT_type
	.byte	4                       @ DW_AT_decl_file
	.short	281                     @ DW_AT_decl_line
	.byte	4                       @ DW_AT_data_member_location
	.byte	10                      @ Abbrev [10] 0x17c:0xd DW_TAG_member
	.long	.Linfo_string39         @ DW_AT_name
	.long	265                     @ DW_AT_type
	.byte	4                       @ DW_AT_decl_file
	.short	282                     @ DW_AT_decl_line
	.byte	6                       @ DW_AT_data_member_location
	.byte	10                      @ Abbrev [10] 0x189:0xd DW_TAG_member
	.long	.Linfo_string40         @ DW_AT_name
	.long	265                     @ DW_AT_type
	.byte	4                       @ DW_AT_decl_file
	.short	283                     @ DW_AT_decl_line
	.byte	8                       @ DW_AT_data_member_location
	.byte	10                      @ Abbrev [10] 0x196:0xd DW_TAG_member
	.long	.Linfo_string41         @ DW_AT_name
	.long	265                     @ DW_AT_type
	.byte	4                       @ DW_AT_decl_file
	.short	284                     @ DW_AT_decl_line
	.byte	10                      @ DW_AT_data_member_location
	.byte	0                       @ End Of Children Mark
	.byte	8                       @ Abbrev [8] 0x1a4:0xc DW_TAG_typedef
	.long	432                     @ DW_AT_type
	.long	.Linfo_string50         @ DW_AT_name
	.byte	4                       @ DW_AT_decl_file
	.short	262                     @ DW_AT_decl_line
	.byte	11                      @ Abbrev [11] 0x1b0:0x53 DW_TAG_structure_type
	.byte	16                      @ DW_AT_byte_size
	.byte	4                       @ DW_AT_decl_file
	.byte	254                     @ DW_AT_decl_line
	.byte	10                      @ Abbrev [10] 0x1b4:0xd DW_TAG_member
	.long	.Linfo_string44         @ DW_AT_name
	.long	265                     @ DW_AT_type
	.byte	4                       @ DW_AT_decl_file
	.short	256                     @ DW_AT_decl_line
	.byte	0                       @ DW_AT_data_member_location
	.byte	10                      @ Abbrev [10] 0x1c1:0xd DW_TAG_member
	.long	.Linfo_string45         @ DW_AT_name
	.long	265                     @ DW_AT_type
	.byte	4                       @ DW_AT_decl_file
	.short	257                     @ DW_AT_decl_line
	.byte	2                       @ DW_AT_data_member_location
	.byte	10                      @ Abbrev [10] 0x1ce:0xd DW_TAG_member
	.long	.Linfo_string46         @ DW_AT_name
	.long	265                     @ DW_AT_type
	.byte	4                       @ DW_AT_decl_file
	.short	258                     @ DW_AT_decl_line
	.byte	4                       @ DW_AT_data_member_location
	.byte	10                      @ Abbrev [10] 0x1db:0xd DW_TAG_member
	.long	.Linfo_string47         @ DW_AT_name
	.long	265                     @ DW_AT_type
	.byte	4                       @ DW_AT_decl_file
	.short	259                     @ DW_AT_decl_line
	.byte	6                       @ DW_AT_data_member_location
	.byte	10                      @ Abbrev [10] 0x1e8:0xd DW_TAG_member
	.long	.Linfo_string48         @ DW_AT_name
	.long	229                     @ DW_AT_type
	.byte	4                       @ DW_AT_decl_file
	.short	260                     @ DW_AT_decl_line
	.byte	8                       @ DW_AT_data_member_location
	.byte	10                      @ Abbrev [10] 0x1f5:0xd DW_TAG_member
	.long	.Linfo_string49         @ DW_AT_name
	.long	247                     @ DW_AT_type
	.byte	4                       @ DW_AT_decl_file
	.short	261                     @ DW_AT_decl_line
	.byte	12                      @ DW_AT_data_member_location
	.byte	0                       @ End Of Children Mark
	.byte	0                       @ End Of Children Mark
.Ldebug_info_end0:
	.ident	"Component: ARM Compiler 6.14 Tool: armclang [5db06c00]"
	.section	".note.GNU-stack","",%progbits
	.eabi_attribute	30, 4	@ Tag_ABI_optimization_goals
	.ARM_attribute	16, 1	@ Tag_AV_eba
	.section	.debug_line,"",%progbits
.Lline_table_start0:
